.gitignore: OK
AGENTS.md: OK
EVIDENCE_PACK/00_run_meta.json: OK
EVIDENCE_PACK/01_inventory.txt: OK
EVIDENCE_PACK/02_tree.txt: OK
EVIDENCE_PACK/03_sha256_all.txt: OK
EVIDENCE_PACK/09_diff.patch: OK
EVIDENCE_PACK/10_results_summary.md: OK
EVIDENCE_PACK/12_known_limits.md: OK
QUICK_START.md: OK
README.md: OK
RUNBOOK_OPERATIONS.md: OK
SDD_EPOCH_17_21.md: OK
TASK_TRACKER.md: OK
artifacts/incoming/repo_prebootstrap/FINAL_VALIDATED.zip.sha256: OK
artifacts/incoming/repo_prebootstrap/reports/evidence/EPOCH-17/DIFF.patch: OK
artifacts/incoming/repo_prebootstrap/reports/evidence/EPOCH-17/FILE_INVENTORY.txt: OK
artifacts/incoming/repo_prebootstrap/reports/evidence/EPOCH-17/SHA256SUMS.txt: OK
artifacts/incoming/repo_prebootstrap/reports/evidence/EPOCH-17/SNAPSHOT.md: OK
artifacts/incoming/repo_prebootstrap/reports/evidence/EPOCH-17/SUMMARY.md: OK
artifacts/incoming/repo_prebootstrap/reports/evidence/EPOCH-18/DIFF.patch: OK
artifacts/incoming/repo_prebootstrap/reports/evidence/EPOCH-18/FILE_INVENTORY.txt: OK
artifacts/incoming/repo_prebootstrap/reports/evidence/EPOCH-18/SHA256SUMS.txt: OK
artifacts/incoming/repo_prebootstrap/reports/evidence/EPOCH-18/SNAPSHOT.md: OK
artifacts/incoming/repo_prebootstrap/reports/evidence/EPOCH-18/SUMMARY.md: OK
core/ai/autonomous_agent.mjs: OK
core/ai/cognitive_brain.mjs: OK
core/ai/hypothesis_generator.mjs: OK
core/ai/learning_system.mjs: OK
core/ai/master_orchestrator.mjs: OK
core/ai/meta_learning_engine.mjs: OK
core/ai/metacognitive_controller.mjs: OK
core/ai/self_reflection_system.mjs: OK
core/ai/strategy_generator.mjs: OK
core/ai/superintelligent_agent.mjs: OK
core/control/master_system.mjs: OK
core/court/court_v1.mjs: OK
core/court/court_v2.mjs: OK
core/court/truth_integration_example.mjs: OK
core/data/dataset_io.mjs: OK
core/data/websocket_feed.mjs: OK
core/exec/adapters/adversarial_safety.mjs: OK
core/exec/adapters/adversarial_tester.mjs: OK
core/exec/adapters/binance_client.mjs: OK
core/exec/adapters/iexecution_adapter.mjs: OK
core/exec/adapters/live_adapter.mjs: OK
core/exec/adapters/live_adapter_dryrun.mjs: OK
core/exec/adapters/mock_exchange.mjs: OK
core/exec/adapters/paper_adapter.mjs: OK
core/exec/adapters/safety_gates.mjs: OK
core/exec/execution_policy.mjs: OK
core/exec/master_executor.mjs: OK
core/exec/safety_gate_validator.mjs: OK
core/governance/mode_fsm.mjs: OK
core/ml/anomaly_detector.mjs: OK
core/monitoring/safety_monitor.mjs: OK
core/obs/event_log.mjs: OK
core/obs/event_log_v2.mjs: OK
core/obs/reality_gap_monitor.mjs: OK
core/performance/perf_engine.mjs: OK
core/persist/db.mjs: OK
core/persist/migrations/0001_init.sql: OK
core/persist/repo_state.mjs: OK
core/portfolio/multi_strategy.mjs: OK
core/quality/quality_filter.mjs: OK
core/recon/reconcile_v1.mjs: OK
core/resilience/self_healing.mjs: OK
core/risk/risk_governor.mjs: OK
core/sim/bar_generator.mjs: OK
core/sim/base_signal.mjs: OK
core/sim/engine.mjs: OK
core/sim/engine_paper.mjs: OK
core/sim/metrics.mjs: OK
core/sim/models.mjs: OK
core/sim/order_lifecycle.mjs: OK
core/sim/penalized.mjs: OK
core/sim/rng.mjs: OK
core/sys/clock.mjs: OK
core/sys/context.mjs: OK
core/sys/rng.mjs: OK
core/sys/run_artifacts.mjs: OK
core/testing/chaos_engineer.mjs: OK
core/truth/canonicalize.mjs: OK
core/truth/truth_engine.mjs: OK
core/ultimate/ultimate_system.mjs: OK
data/fixtures/live/btc_usdt_market_buy_001.json: OK
data/fixtures/live/eth_usdt_limit_sell_partial.json: OK
data/fixtures/live/sol_usdt_price_mismatch.json: OK
data/synthetic_1000bars_5m.json: OK
dataset/BTCUSDT_5m_100bars.json: OK
docs/API_DOCUMENTATION.md: OK
docs/DEPLOYMENT_GUIDE.md: OK
docs/NEXT_ACTIONS_ROADMAP.md: OK
docs/SPEC_OF_SPECS.md: OK
evidence/checksums_manifest.txt: OK
evidence/checksums_manifest_epoch13.txt: OK
evidence/determinism_run1/court_report.json: OK
evidence/determinism_run1/eqs_report.json: OK
evidence/diffs/determinism_diff.txt: OK
examples/swarm_trading_demo.mjs: OK
package-lock.json: OK
package.json: OK
package.json.bak: OK
scripts/data/BinanceWSClient.mjs: OK
scripts/data/DataAgent.mjs: OK
scripts/data/PriceConfidence.mjs: OK
scripts/data/agent_demo.mjs: OK
scripts/data/binance_fetcher.mjs: OK
scripts/data/fetch_binance_history.mjs: OK
scripts/data/import_binance_klines_json.mjs: OK
scripts/data/import_ohlcv_csv.mjs: OK
scripts/data/live_price_demo.mjs: OK
scripts/profit/OpportunityDetector.mjs: OK
scripts/profit/OpportunityHunter.mjs: OK
scripts/profit/ProfitCalculator.mjs: OK
scripts/profit/__tests__/treasure_engine.test.mjs: OK
scripts/profit/treasure_map_demo.mjs: OK
scripts/verify/adversarial_safety.mjs: OK
scripts/verify/agent_smoke.mjs: OK
scripts/verify/binance_smoke.mjs: OK
scripts/verify/confidence_score.test.mjs: OK
scripts/verify/config_check.mjs: OK
scripts/verify/court_stub.mjs: OK
scripts/verify/dataset_check.mjs: OK
scripts/verify/determinism.mjs: OK
scripts/verify/dryrun_live_e2e.mjs: OK
scripts/verify/e2_multi_seed.mjs: OK
scripts/verify/epoch07_integration.mjs: OK
scripts/verify/epoch08_integration.mjs: OK
scripts/verify/epoch09_integration.mjs: OK
scripts/verify/epoch09_integration.mjs.backup: OK
scripts/verify/epoch10_integration.mjs: OK
scripts/verify/epoch11_master_orchestrator.mjs: OK
scripts/verify/epochX_integration.mjs: OK
scripts/verify/events_schema_check.mjs: OK
scripts/verify/godtier_integration.mjs: OK
scripts/verify/hacks_validate.mjs: OK
scripts/verify/json_schema_check.mjs: OK
scripts/verify/live_adapter_smoke.mjs: OK
scripts/verify/master_integration_e2e.mjs: OK
scripts/verify/paper_e2e.mjs: OK
scripts/verify/persist_idempotency.mjs: OK
scripts/verify/phase2_smoke.mjs: OK
scripts/verify/phase2_verify.mjs: OK
scripts/verify/run_with_context.mjs: OK
scripts/verify/safety_gates_check.mjs: OK
scripts/verify/truth.sh: OK
scripts/verify/truth_layer_check.mjs: OK
scripts/verify/verify_adversarial.mjs: OK
scripts/verify/verify_reality_gap.mjs: OK
scripts/verify/websocket_smoke.mjs: OK
spec/config.schema.json: OK
spec/hacks.json: OK
spec/ssot.json: OK
truth/court_report.schema.json: OK
truth/eqs_report.schema.json: OK
truth/event.schema.json: OK
truth/events_report.schema.json: OK
truth/recon_report.schema.json: OK
truth/sim_report.schema.json: OK
ui/ai_brain_visualizer.html: OK
ui/dashboard.html: OK
ui/generate_panel.mjs: OK
ui/panel.html: OK
