$ node -v
v20.19.6
$ npm -v
11.4.2
$ pwd
/workspace/Treasure_engine
$ ls -la
total 216
drwxr-xr-x 18 root root  4096 Feb 11 15:07 .
drwxr-xr-x  3 root root  4096 Feb 11 08:21 ..
drwxr-xr-x  8 root root  4096 Feb 11 15:08 .git
-rw-r--r--  1 root root   491 Feb 11 15:07 .gitignore
-rw-r--r--  1 root root  5368 Feb 11 08:21 AGENTS.md
drwxr-xr-x  2 root root  4096 Feb 11 08:21 EVIDENCE_PACK
-rw-r--r--  1 root root    96 Feb 11 15:07 EVIDENCE_PACK_EPOCH-17.tar.gz.sha256
-rw-r--r--  1 root root    96 Feb 11 15:07 EVIDENCE_PACK_EPOCH-18.tar.gz.sha256
-rw-r--r--  1 root root    96 Feb 11 15:07 EVIDENCE_PACK_EPOCH-19.tar.gz.sha256
-rw-r--r--  1 root root    96 Feb 11 15:07 EVIDENCE_PACK_EPOCH-21.tar.gz.sha256
-rw-r--r--  1 root root    98 Feb 11 15:07 EVIDENCE_PACK_EPOCH-BOOT.tar.gz.sha256
-rw-r--r--  1 root root    86 Feb 11 15:07 FINAL_VALIDATED.zip.sha256
-rw-r--r--  1 root root  1677 Feb 11 08:21 NEXT_EPOCH_PLAN.md
-rw-r--r--  1 root root 11768 Feb 11 08:21 QUICK_START.md
-rw-r--r--  1 root root  1907 Feb 11 15:07 README.md
-rw-r--r--  1 root root  1697 Feb 11 15:07 RUNBOOK.md
-rw-r--r--  1 root root  9654 Feb 11 08:21 RUNBOOK_OPERATIONS.md
-rw-r--r--  1 root root 28917 Feb 11 08:21 SDD_EPOCH_17_21.md
-rw-r--r--  1 root root  1847 Feb 11 15:07 TASK_TRACKER.md
-rw-r--r--  1 root root  2671 Feb 11 15:07 agents.md
drwxr-xr-x  3 root root  4096 Feb 11 08:21 artifacts
drwxr-xr-x 24 root root  4096 Feb 11 15:07 core
drwxr-xr-x  3 root root  4096 Feb 11 08:21 data
drwxr-xr-x  2 root root  4096 Feb 11 08:21 dataset
drwxr-xr-x  2 root root  4096 Feb 11 15:07 docs
drwxr-xr-x  4 root root  4096 Feb 11 08:21 evidence
drwxr-xr-x  2 root root  4096 Feb 11 08:21 examples
drwxr-xr-x 47 root root  4096 Feb 11 08:22 node_modules
-rw-r--r--  1 root root 19412 Feb 11 08:21 package-lock.json
-rw-r--r--  1 root root  5898 Feb 11 15:07 package.json
-rw-r--r--  1 root root  3186 Feb 11 08:21 package.json.bak
drwxr-xr-x 11 root root  4096 Feb 11 15:07 reports
drwxr-xr-x  7 root root  4096 Feb 11 15:07 scripts
drwxr-xr-x  2 root root  4096 Feb 11 08:21 spec
drwxr-xr-x  3 root root  4096 Feb 11 15:07 specs
drwxr-xr-x  2 root root  4096 Feb 11 15:07 truth
drwxr-xr-x  2 root root  4096 Feb 11 08:21 ui
$ git status -sb
## work
?? reports/evidence/EPOCH-30-FINAL/
$ git rev-parse HEAD
1325dd48fc193756bd4557feb77686149928e896
$ find . -maxdepth 4 -type f | sort
./.git/FETCH_HEAD
./.git/HEAD
./.git/config
./.git/description
./.git/hooks/applypatch-msg.sample
./.git/hooks/commit-msg.sample
./.git/hooks/fsmonitor-watchman.sample
./.git/hooks/post-update.sample
./.git/hooks/pre-applypatch.sample
./.git/hooks/pre-commit.sample
./.git/hooks/pre-merge-commit.sample
./.git/hooks/pre-push.sample
./.git/hooks/pre-rebase.sample
./.git/hooks/pre-receive.sample
./.git/hooks/prepare-commit-msg.sample
./.git/hooks/push-to-checkout.sample
./.git/hooks/sendemail-validate.sample
./.git/hooks/update.sample
./.git/index
./.git/info/exclude
./.git/logs/HEAD
./.git/objects/pack/pack-676f0885d294aa17a28278a3de09255a2d387f80.idx
./.git/objects/pack/pack-676f0885d294aa17a28278a3de09255a2d387f80.pack
./.git/objects/pack/pack-676f0885d294aa17a28278a3de09255a2d387f80.rev
./.git/objects/pack/pack-8ebeec36e3b8f6cc5cf3097ecc28df702db2d868.idx
./.git/objects/pack/pack-8ebeec36e3b8f6cc5cf3097ecc28df702db2d868.pack
./.git/objects/pack/pack-8ebeec36e3b8f6cc5cf3097ecc28df702db2d868.rev
./.git/packed-refs
./.git/refs/heads/work
./.gitignore
./AGENTS.md
./EVIDENCE_PACK/00_run_meta.json
./EVIDENCE_PACK/01_inventory.txt
./EVIDENCE_PACK/02_tree.txt
./EVIDENCE_PACK/03_sha256_all.txt
./EVIDENCE_PACK/09_diff.patch
./EVIDENCE_PACK/10_results_summary.md
./EVIDENCE_PACK/12_known_limits.md
./EVIDENCE_PACK_EPOCH-17.tar.gz.sha256
./EVIDENCE_PACK_EPOCH-18.tar.gz.sha256
./EVIDENCE_PACK_EPOCH-19.tar.gz.sha256
./EVIDENCE_PACK_EPOCH-21.tar.gz.sha256
./EVIDENCE_PACK_EPOCH-BOOT.tar.gz.sha256
./FINAL_VALIDATED.zip.sha256
./NEXT_EPOCH_PLAN.md
./QUICK_START.md
./README.md
./RUNBOOK.md
./RUNBOOK_OPERATIONS.md
./SDD_EPOCH_17_21.md
./TASK_TRACKER.md
./agents.md
./artifacts/incoming/EVIDENCE_PACK_EPOCH-AUTOPILOT-FINAL.tar.gz.sha256
./artifacts/incoming/EVIDENCE_PACK_EPOCH-AUTOPILOT-START.tar.gz.sha256
./artifacts/incoming/EVIDENCE_PACK_EPOCH-SPECS-POLISH.tar.gz.sha256
./artifacts/incoming/repo_prebootstrap/FINAL_VALIDATED.zip.sha256
./core/ai/ai_signal_bridge.mjs
./core/ai/autonomous_agent.mjs
./core/ai/cognitive_brain.mjs
./core/ai/hypothesis_generator.mjs
./core/ai/learning_system.mjs
./core/ai/master_orchestrator.mjs
./core/ai/meta_learning_engine.mjs
./core/ai/metacognitive_controller.mjs
./core/ai/self_reflection_system.mjs
./core/ai/strategy_generator.mjs
./core/ai/superintelligent_agent.mjs
./core/control/master_system.mjs
./core/court/court_v1.mjs
./core/court/court_v2.mjs
./core/court/truth_integration_example.mjs
./core/data/dataset_io.mjs
./core/data/websocket_feed.mjs
./core/exec/adapters/adversarial_safety.mjs
./core/exec/adapters/adversarial_tester.mjs
./core/exec/adapters/binance_client.mjs
./core/exec/adapters/iexecution_adapter.mjs
./core/exec/adapters/live_adapter.mjs
./core/exec/adapters/live_adapter_dryrun.mjs
./core/exec/adapters/mock_exchange.mjs
./core/exec/adapters/paper_adapter.mjs
./core/exec/adapters/safety_gates.mjs
./core/exec/execution_policy.mjs
./core/exec/master_executor.mjs
./core/exec/mode_aware_executor.mjs
./core/exec/safety_gate_validator.mjs
./core/exec/safety_integrated_executor.mjs
./core/exec/signal_converter.mjs
./core/exec/strategy_aware_executor.mjs
./core/governance/approval_workflow.mjs
./core/governance/governance_engine.mjs
./core/governance/mode_fsm.mjs
./core/governance/rules_engine.mjs
./core/ml/anomaly_detector.mjs
./core/monitoring/safety_monitor.mjs
./core/obs/event_log.mjs
./core/obs/event_log_v2.mjs
./core/obs/reality_gap_monitor.mjs
./core/performance/perf_engine.mjs
./core/persist/db.mjs
./core/persist/migrations/0001_init.sql
./core/persist/repo_state.mjs
./core/portfolio/multi_strategy.mjs
./core/portfolio/portfolio_allocator.mjs
./core/quality/quality_filter.mjs
./core/recon/reconcile_v1.mjs
./core/resilience/self_healing.mjs
./core/risk/risk_governor.mjs
./core/risk/risk_governor_wrapper.mjs
./core/sim/bar_generator.mjs
./core/sim/base_signal.mjs
./core/sim/engine.mjs
./core/sim/engine_paper.mjs
./core/sim/metrics.mjs
./core/sim/models.mjs
./core/sim/order_lifecycle.mjs
./core/sim/penalized.mjs
./core/sim/rng.mjs
./core/strategy/strategy_orchestrator.mjs
./core/sys/clock.mjs
./core/sys/context.mjs
./core/sys/rng.mjs
./core/sys/run_artifacts.mjs
./core/testing/chaos_engineer.mjs
./core/truth/canonicalize.mjs
./core/truth/truth_engine.mjs
./core/ultimate/ultimate_system.mjs
./data/fixtures/live/btc_usdt_market_buy_001.json
./data/fixtures/live/eth_usdt_limit_sell_partial.json
./data/fixtures/live/sol_usdt_price_mismatch.json
./data/synthetic_1000bars_5m.json
./dataset/BTCUSDT_5m_100bars.json
./docs/API_DOCUMENTATION.md
./docs/DEPLOYMENT_GUIDE.md
./docs/EPOCH_MAP.md
./docs/NEXT_ACTIONS_ROADMAP.md
./docs/PIPELINE_AUTOPILOT.md
./docs/PIPELINE_DOCTRINE.md
./docs/PROJECT_DOCUMENTATION_RU.md
./docs/SPECS_PLAYBOOK.md
./docs/SPEC_OF_SPECS.md
./docs/VERIFICATION_PLAYBOOK_RU.md
./evidence/checksums_manifest.txt
./evidence/checksums_manifest_epoch13.txt
./evidence/determinism_run1/court_report.json
./evidence/determinism_run1/eqs_report.json
./evidence/diffs/determinism_diff.txt
./examples/swarm_trading_demo.mjs
./node_modules/.package-lock.json
./node_modules/ajv/.runkit_example.js
./node_modules/ajv/LICENSE
./node_modules/ajv/README.md
./node_modules/ajv/dist/2019.d.ts
./node_modules/ajv/dist/2019.js
./node_modules/ajv/dist/2019.js.map
./node_modules/ajv/dist/2020.d.ts
./node_modules/ajv/dist/2020.js
./node_modules/ajv/dist/2020.js.map
./node_modules/ajv/dist/ajv.d.ts
./node_modules/ajv/dist/ajv.js
./node_modules/ajv/dist/ajv.js.map
./node_modules/ajv/dist/core.d.ts
./node_modules/ajv/dist/core.js
./node_modules/ajv/dist/core.js.map
./node_modules/ajv/dist/jtd.d.ts
./node_modules/ajv/dist/jtd.js
./node_modules/ajv/dist/jtd.js.map
./node_modules/ajv/lib/2019.ts
./node_modules/ajv/lib/2020.ts
./node_modules/ajv/lib/ajv.ts
./node_modules/ajv/lib/core.ts
./node_modules/ajv/lib/jtd.ts
./node_modules/ajv/package.json
./node_modules/base64-js/LICENSE
./node_modules/base64-js/README.md
./node_modules/base64-js/base64js.min.js
./node_modules/base64-js/index.d.ts
./node_modules/base64-js/index.js
./node_modules/base64-js/package.json
./node_modules/better-sqlite3/LICENSE
./node_modules/better-sqlite3/README.md
./node_modules/better-sqlite3/binding.gyp
./node_modules/better-sqlite3/deps/common.gypi
./node_modules/better-sqlite3/deps/copy.js
./node_modules/better-sqlite3/deps/defines.gypi
./node_modules/better-sqlite3/deps/download.sh
./node_modules/better-sqlite3/deps/sqlite3.gyp
./node_modules/better-sqlite3/deps/test_extension.c
./node_modules/better-sqlite3/lib/database.js
./node_modules/better-sqlite3/lib/index.js
./node_modules/better-sqlite3/lib/sqlite-error.js
./node_modules/better-sqlite3/lib/util.js
./node_modules/better-sqlite3/package.json
./node_modules/better-sqlite3/src/addon.cpp
./node_modules/better-sqlite3/src/better_sqlite3.cpp
./node_modules/bindings/LICENSE.md
./node_modules/bindings/README.md
./node_modules/bindings/bindings.js
./node_modules/bindings/package.json
./node_modules/bl/.travis.yml
./node_modules/bl/BufferList.js
./node_modules/bl/LICENSE.md
./node_modules/bl/README.md
./node_modules/bl/bl.js
./node_modules/bl/package.json
./node_modules/bl/test/convert.js
./node_modules/bl/test/indexOf.js
./node_modules/bl/test/isBufferList.js
./node_modules/bl/test/test.js
./node_modules/buffer/AUTHORS.md
./node_modules/buffer/LICENSE
./node_modules/buffer/README.md
./node_modules/buffer/index.d.ts
./node_modules/buffer/index.js
./node_modules/buffer/package.json
./node_modules/chownr/LICENSE
./node_modules/chownr/README.md
./node_modules/chownr/chownr.js
./node_modules/chownr/package.json
./node_modules/decompress-response/index.d.ts
./node_modules/decompress-response/index.js
./node_modules/decompress-response/license
./node_modules/decompress-response/package.json
./node_modules/decompress-response/readme.md
./node_modules/deep-extend/CHANGELOG.md
./node_modules/deep-extend/LICENSE
./node_modules/deep-extend/README.md
./node_modules/deep-extend/index.js
./node_modules/deep-extend/lib/deep-extend.js
./node_modules/deep-extend/package.json
./node_modules/detect-libc/LICENSE
./node_modules/detect-libc/README.md
./node_modules/detect-libc/index.d.ts
./node_modules/detect-libc/lib/detect-libc.js
./node_modules/detect-libc/lib/elf.js
./node_modules/detect-libc/lib/filesystem.js
./node_modules/detect-libc/lib/process.js
./node_modules/detect-libc/package.json
./node_modules/end-of-stream/LICENSE
./node_modules/end-of-stream/README.md
./node_modules/end-of-stream/index.js
./node_modules/end-of-stream/package.json
./node_modules/expand-template/.travis.yml
./node_modules/expand-template/LICENSE
./node_modules/expand-template/README.md
./node_modules/expand-template/index.js
./node_modules/expand-template/package.json
./node_modules/expand-template/test.js
./node_modules/fast-deep-equal/LICENSE
./node_modules/fast-deep-equal/README.md
./node_modules/fast-deep-equal/es6/index.d.ts
./node_modules/fast-deep-equal/es6/index.js
./node_modules/fast-deep-equal/es6/react.d.ts
./node_modules/fast-deep-equal/es6/react.js
./node_modules/fast-deep-equal/index.d.ts
./node_modules/fast-deep-equal/index.js
./node_modules/fast-deep-equal/package.json
./node_modules/fast-deep-equal/react.d.ts
./node_modules/fast-deep-equal/react.js
./node_modules/fast-uri/.gitattributes
./node_modules/fast-uri/.github/.stale.yml
./node_modules/fast-uri/.github/dependabot.yml
./node_modules/fast-uri/.github/tests_checker.yml
./node_modules/fast-uri/LICENSE
./node_modules/fast-uri/README.md
./node_modules/fast-uri/benchmark/benchmark.mjs
./node_modules/fast-uri/benchmark/equal.mjs
./node_modules/fast-uri/benchmark/non-simple-domain.mjs
./node_modules/fast-uri/benchmark/package.json
./node_modules/fast-uri/benchmark/string-array-to-hex-stripped.mjs
./node_modules/fast-uri/benchmark/ws-is-secure.mjs
./node_modules/fast-uri/eslint.config.js
./node_modules/fast-uri/index.js
./node_modules/fast-uri/lib/schemes.js
./node_modules/fast-uri/lib/utils.js
./node_modules/fast-uri/package.json
./node_modules/fast-uri/test/ajv.test.js
./node_modules/fast-uri/test/equal.test.js
./node_modules/fast-uri/test/parse.test.js
./node_modules/fast-uri/test/resolve.test.js
./node_modules/fast-uri/test/rfc-3986.test.js
./node_modules/fast-uri/test/serialize.test.js
./node_modules/fast-uri/test/uri-js-compatibility.test.js
./node_modules/fast-uri/test/uri-js.test.js
./node_modules/fast-uri/test/util.test.js
./node_modules/fast-uri/tsconfig.json
./node_modules/fast-uri/types/index.d.ts
./node_modules/fast-uri/types/index.test-d.ts
./node_modules/file-uri-to-path/.npmignore
./node_modules/file-uri-to-path/.travis.yml
./node_modules/file-uri-to-path/History.md
./node_modules/file-uri-to-path/LICENSE
./node_modules/file-uri-to-path/README.md
./node_modules/file-uri-to-path/index.d.ts
./node_modules/file-uri-to-path/index.js
./node_modules/file-uri-to-path/package.json
./node_modules/file-uri-to-path/test/test.js
./node_modules/file-uri-to-path/test/tests.json
./node_modules/fs-constants/LICENSE
./node_modules/fs-constants/README.md
./node_modules/fs-constants/browser.js
./node_modules/fs-constants/index.js
./node_modules/fs-constants/package.json
./node_modules/github-from-package/.travis.yml
./node_modules/github-from-package/LICENSE
./node_modules/github-from-package/example/package.json
./node_modules/github-from-package/example/url.js
./node_modules/github-from-package/index.js
./node_modules/github-from-package/package.json
./node_modules/github-from-package/readme.markdown
./node_modules/github-from-package/test/a.json
./node_modules/github-from-package/test/b.json
./node_modules/github-from-package/test/c.json
./node_modules/github-from-package/test/d.json
./node_modules/github-from-package/test/e.json
./node_modules/github-from-package/test/url.js
./node_modules/ieee754/LICENSE
./node_modules/ieee754/README.md
./node_modules/ieee754/index.d.ts
./node_modules/ieee754/index.js
./node_modules/ieee754/package.json
./node_modules/inherits/LICENSE
./node_modules/inherits/README.md
./node_modules/inherits/inherits.js
./node_modules/inherits/inherits_browser.js
./node_modules/inherits/package.json
./node_modules/ini/LICENSE
./node_modules/ini/README.md
./node_modules/ini/ini.js
./node_modules/ini/package.json
./node_modules/json-schema-traverse/.eslintrc.yml
./node_modules/json-schema-traverse/.github/FUNDING.yml
./node_modules/json-schema-traverse/LICENSE
./node_modules/json-schema-traverse/README.md
./node_modules/json-schema-traverse/index.d.ts
./node_modules/json-schema-traverse/index.js
./node_modules/json-schema-traverse/package.json
./node_modules/json-schema-traverse/spec/.eslintrc.yml
./node_modules/json-schema-traverse/spec/index.spec.js
./node_modules/mimic-response/index.d.ts
./node_modules/mimic-response/index.js
./node_modules/mimic-response/license
./node_modules/mimic-response/package.json
./node_modules/mimic-response/readme.md
./node_modules/minimist/.eslintrc
./node_modules/minimist/.github/FUNDING.yml
./node_modules/minimist/.nycrc
./node_modules/minimist/CHANGELOG.md
./node_modules/minimist/LICENSE
./node_modules/minimist/README.md
./node_modules/minimist/example/parse.js
./node_modules/minimist/index.js
./node_modules/minimist/package.json
./node_modules/minimist/test/all_bool.js
./node_modules/minimist/test/bool.js
./node_modules/minimist/test/dash.js
./node_modules/minimist/test/default_bool.js
./node_modules/minimist/test/dotted.js
./node_modules/minimist/test/kv_short.js
./node_modules/minimist/test/long.js
./node_modules/minimist/test/num.js
./node_modules/minimist/test/parse.js
./node_modules/minimist/test/parse_modified.js
./node_modules/minimist/test/proto.js
./node_modules/minimist/test/short.js
./node_modules/minimist/test/stop_early.js
./node_modules/minimist/test/unknown.js
./node_modules/minimist/test/whitespace.js
./node_modules/mkdirp-classic/LICENSE
./node_modules/mkdirp-classic/README.md
./node_modules/mkdirp-classic/index.js
./node_modules/mkdirp-classic/package.json
./node_modules/napi-build-utils/LICENSE
./node_modules/napi-build-utils/README.md
./node_modules/napi-build-utils/index.js
./node_modules/napi-build-utils/index.md
./node_modules/napi-build-utils/package.json
./node_modules/node-abi/LICENSE
./node_modules/node-abi/README.md
./node_modules/node-abi/abi_registry.json
./node_modules/node-abi/index.js
./node_modules/node-abi/package.json
./node_modules/once/LICENSE
./node_modules/once/README.md
./node_modules/once/once.js
./node_modules/once/package.json
./node_modules/prebuild-install/CHANGELOG.md
./node_modules/prebuild-install/CONTRIBUTING.md
./node_modules/prebuild-install/LICENSE
./node_modules/prebuild-install/README.md
./node_modules/prebuild-install/asset.js
./node_modules/prebuild-install/bin.js
./node_modules/prebuild-install/download.js
./node_modules/prebuild-install/error.js
./node_modules/prebuild-install/help.txt
./node_modules/prebuild-install/index.js
./node_modules/prebuild-install/log.js
./node_modules/prebuild-install/package.json
./node_modules/prebuild-install/proxy.js
./node_modules/prebuild-install/rc.js
./node_modules/prebuild-install/util.js
./node_modules/pump/.github/FUNDING.yml
./node_modules/pump/.travis.yml
./node_modules/pump/LICENSE
./node_modules/pump/README.md
./node_modules/pump/SECURITY.md
./node_modules/pump/index.js
./node_modules/pump/package.json
./node_modules/pump/test-browser.js
./node_modules/pump/test-node.js
./node_modules/rc/LICENSE.APACHE2
./node_modules/rc/LICENSE.BSD
./node_modules/rc/LICENSE.MIT
./node_modules/rc/README.md
./node_modules/rc/browser.js
./node_modules/rc/cli.js
./node_modules/rc/index.js
./node_modules/rc/lib/utils.js
./node_modules/rc/package.json
./node_modules/rc/test/ini.js
./node_modules/rc/test/nested-env-vars.js
./node_modules/rc/test/test.js
./node_modules/readable-stream/CONTRIBUTING.md
./node_modules/readable-stream/GOVERNANCE.md
./node_modules/readable-stream/LICENSE
./node_modules/readable-stream/README.md
./node_modules/readable-stream/errors-browser.js
./node_modules/readable-stream/errors.js
./node_modules/readable-stream/experimentalWarning.js
./node_modules/readable-stream/lib/_stream_duplex.js
./node_modules/readable-stream/lib/_stream_passthrough.js
./node_modules/readable-stream/lib/_stream_readable.js
./node_modules/readable-stream/lib/_stream_transform.js
./node_modules/readable-stream/lib/_stream_writable.js
./node_modules/readable-stream/package.json
./node_modules/readable-stream/readable-browser.js
./node_modules/readable-stream/readable.js
./node_modules/require-from-string/index.js
./node_modules/require-from-string/license
./node_modules/require-from-string/package.json
./node_modules/require-from-string/readme.md
./node_modules/safe-buffer/LICENSE
./node_modules/safe-buffer/README.md
./node_modules/safe-buffer/index.d.ts
./node_modules/safe-buffer/index.js
./node_modules/safe-buffer/package.json
./node_modules/semver/LICENSE
./node_modules/semver/README.md
./node_modules/semver/bin/semver.js
./node_modules/semver/classes/comparator.js
./node_modules/semver/classes/index.js
./node_modules/semver/classes/range.js
./node_modules/semver/classes/semver.js
./node_modules/semver/functions/clean.js
./node_modules/semver/functions/cmp.js
./node_modules/semver/functions/coerce.js
./node_modules/semver/functions/compare-build.js
./node_modules/semver/functions/compare-loose.js
./node_modules/semver/functions/compare.js
./node_modules/semver/functions/diff.js
./node_modules/semver/functions/eq.js
./node_modules/semver/functions/gt.js
./node_modules/semver/functions/gte.js
./node_modules/semver/functions/inc.js
./node_modules/semver/functions/lt.js
./node_modules/semver/functions/lte.js
./node_modules/semver/functions/major.js
./node_modules/semver/functions/minor.js
./node_modules/semver/functions/neq.js
./node_modules/semver/functions/parse.js
./node_modules/semver/functions/patch.js
./node_modules/semver/functions/prerelease.js
./node_modules/semver/functions/rcompare.js
./node_modules/semver/functions/rsort.js
./node_modules/semver/functions/satisfies.js
./node_modules/semver/functions/sort.js
./node_modules/semver/functions/valid.js
./node_modules/semver/index.js
./node_modules/semver/internal/constants.js
./node_modules/semver/internal/debug.js
./node_modules/semver/internal/identifiers.js
./node_modules/semver/internal/lrucache.js
./node_modules/semver/internal/parse-options.js
./node_modules/semver/internal/re.js
./node_modules/semver/package.json
./node_modules/semver/preload.js
./node_modules/semver/range.bnf
./node_modules/semver/ranges/gtr.js
./node_modules/semver/ranges/intersects.js
./node_modules/semver/ranges/ltr.js
./node_modules/semver/ranges/max-satisfying.js
./node_modules/semver/ranges/min-satisfying.js
./node_modules/semver/ranges/min-version.js
./node_modules/semver/ranges/outside.js
./node_modules/semver/ranges/simplify.js
./node_modules/semver/ranges/subset.js
./node_modules/semver/ranges/to-comparators.js
./node_modules/semver/ranges/valid.js
./node_modules/simple-concat/.travis.yml
./node_modules/simple-concat/LICENSE
./node_modules/simple-concat/README.md
./node_modules/simple-concat/index.js
./node_modules/simple-concat/package.json
./node_modules/simple-concat/test/basic.js
./node_modules/simple-get/.github/dependabot.yml
./node_modules/simple-get/LICENSE
./node_modules/simple-get/README.md
./node_modules/simple-get/index.js
./node_modules/simple-get/package.json
./node_modules/string_decoder/LICENSE
./node_modules/string_decoder/README.md
./node_modules/string_decoder/lib/string_decoder.js
./node_modules/string_decoder/package.json
./node_modules/strip-json-comments/index.js
./node_modules/strip-json-comments/license
./node_modules/strip-json-comments/package.json
./node_modules/strip-json-comments/readme.md
./node_modules/tar-fs/.travis.yml
./node_modules/tar-fs/LICENSE
./node_modules/tar-fs/README.md
./node_modules/tar-fs/index.js
./node_modules/tar-fs/package.json
./node_modules/tar-fs/test/index.js
./node_modules/tar-stream/LICENSE
./node_modules/tar-stream/README.md
./node_modules/tar-stream/extract.js
./node_modules/tar-stream/headers.js
./node_modules/tar-stream/index.js
./node_modules/tar-stream/pack.js
./node_modules/tar-stream/package.json
./node_modules/tar-stream/sandbox.js
./node_modules/tunnel-agent/LICENSE
./node_modules/tunnel-agent/README.md
./node_modules/tunnel-agent/index.js
./node_modules/tunnel-agent/package.json
./node_modules/util-deprecate/History.md
./node_modules/util-deprecate/LICENSE
./node_modules/util-deprecate/README.md
./node_modules/util-deprecate/browser.js
./node_modules/util-deprecate/node.js
./node_modules/util-deprecate/package.json
./node_modules/wrappy/LICENSE
./node_modules/wrappy/README.md
./node_modules/wrappy/package.json
./node_modules/wrappy/wrappy.js
./node_modules/ws/LICENSE
./node_modules/ws/README.md
./node_modules/ws/browser.js
./node_modules/ws/index.js
./node_modules/ws/lib/buffer-util.js
./node_modules/ws/lib/constants.js
./node_modules/ws/lib/event-target.js
./node_modules/ws/lib/extension.js
./node_modules/ws/lib/limiter.js
./node_modules/ws/lib/permessage-deflate.js
./node_modules/ws/lib/receiver.js
./node_modules/ws/lib/sender.js
./node_modules/ws/lib/stream.js
./node_modules/ws/lib/subprotocol.js
./node_modules/ws/lib/validation.js
./node_modules/ws/lib/websocket-server.js
./node_modules/ws/lib/websocket.js
./node_modules/ws/package.json
./node_modules/ws/wrapper.mjs
./package-lock.json
./package.json
./package.json.bak
./reports/EPOCH-06_EVIDENCE/09_git_diff.patch
./reports/EPOCH-06_EVIDENCE/11_repo_files.sha256
./reports/EPOCH-06_EXECUTION_REPORT.md
./reports/EPOCH-10_EXECUTION_REPORT.md
./reports/EPOCH-11_MASTER_ORCHESTRATOR_REPORT.md
./reports/FINAL_ASSEMBLY_REPORT.md
./reports/FINAL_EVIDENCE/comprehensive_checksums.txt
./reports/FINAL_EVIDENCE/directory_tree.txt
./reports/FINAL_EVIDENCE/file_inventory.txt
./reports/court_report.json
./reports/court_report_run1.json
./reports/epoch-12/EPOCH-12_BASELINE_GATES.md
./reports/epoch-12/EPOCH-12_EXECUTION_REPORT.md
./reports/epoch-12/EPOCH-12_SNAPSHOT.md
./reports/epoch-13/EPOCH-13_BLOCKERS.md
./reports/epoch-13/EPOCH-13_EXECUTION_REPORT.md
./reports/epoch-14/EPOCH-14_EXECUTION_REPORT.md
./reports/epoch-15/EPOCH-15_EXECUTION_REPORT.md
./reports/epoch-16/EPOCH-16_EXECUTION_REPORT.md
./reports/eqs_report.json
./reports/events_report.json
./reports/evidence/BOOTSTRAP/DIFF.patch
./reports/evidence/BOOTSTRAP/SHA256SUMS.txt
./reports/evidence/BOOTSTRAP/SUMMARY.md
./reports/evidence/EPOCH-01/DIFF.patch
./reports/evidence/EPOCH-01/GATE_PLAN.md
./reports/evidence/EPOCH-01/INVENTORY.txt
./reports/evidence/EPOCH-01/PREFLIGHT.md
./reports/evidence/EPOCH-01/SHA256SUMS.txt
./reports/evidence/EPOCH-01/SNAPSHOT.md
./reports/evidence/EPOCH-01/SUMMARY.md
./reports/evidence/EPOCH-17.0/ASSUMPTIONS.md
./reports/evidence/EPOCH-17.0/DIFF.patch
./reports/evidence/EPOCH-17.0/GATE_PLAN.md
./reports/evidence/EPOCH-17.0/INVENTORY.txt
./reports/evidence/EPOCH-17.0/RISK_REGISTER.md
./reports/evidence/EPOCH-17.0/SHA256SUMS.EVIDENCE.txt
./reports/evidence/EPOCH-17.0/SHA256SUMS.SOURCE.txt
./reports/evidence/EPOCH-17.0/SUMMARY.md
./reports/evidence/EPOCH-17.0/TREE_DEPTH2.txt
./reports/evidence/EPOCH-17/ASSUMPTIONS_LEDGER.md
./reports/evidence/EPOCH-17/DIFF.patch
./reports/evidence/EPOCH-17/INVENTORY.txt
./reports/evidence/EPOCH-17/NEXT.md
./reports/evidence/EPOCH-17/PLAN.md
./reports/evidence/EPOCH-17/PREFLIGHT.log
./reports/evidence/EPOCH-17/RISK_REGISTER.md
./reports/evidence/EPOCH-17/SHA256SUMS.EVIDENCE.txt
./reports/evidence/EPOCH-17/SHA256SUMS.EXPORT.txt
./reports/evidence/EPOCH-17/SHA256SUMS.SOURCE.txt
./reports/evidence/EPOCH-17/SNAPSHOT.md
./reports/evidence/EPOCH-17/SUMMARY.md
./reports/evidence/EPOCH-17/VERDICT.md
./reports/evidence/EPOCH-18/ASSUMPTIONS_LEDGER.md
./reports/evidence/EPOCH-18/DIFF.patch
./reports/evidence/EPOCH-18/INVENTORY.txt
./reports/evidence/EPOCH-18/NEXT.md
./reports/evidence/EPOCH-18/PLAN.md
./reports/evidence/EPOCH-18/PREFLIGHT.log
./reports/evidence/EPOCH-18/RISK_REGISTER.md
./reports/evidence/EPOCH-18/SHA256SUMS.EVIDENCE.txt
./reports/evidence/EPOCH-18/SHA256SUMS.EXPORT.txt
./reports/evidence/EPOCH-18/SHA256SUMS.SOURCE.txt
./reports/evidence/EPOCH-18/SNAPSHOT.md
./reports/evidence/EPOCH-18/SUMMARY.md
./reports/evidence/EPOCH-18/VERDICT.md
./reports/evidence/EPOCH-19/ASSUMPTIONS_LEDGER.md
./reports/evidence/EPOCH-19/DIFF.patch
./reports/evidence/EPOCH-19/GATE_PLAN.md
./reports/evidence/EPOCH-19/INVENTORY.txt
./reports/evidence/EPOCH-19/NEXT.md
./reports/evidence/EPOCH-19/PLAN.md
./reports/evidence/EPOCH-19/PREFLIGHT.log
./reports/evidence/EPOCH-19/RISK_REGISTER.md
./reports/evidence/EPOCH-19/SHA256SUMS.EVIDENCE.txt
./reports/evidence/EPOCH-19/SHA256SUMS.EXPORT.txt
./reports/evidence/EPOCH-19/SHA256SUMS.SOURCE.txt
./reports/evidence/EPOCH-19/SHA256SUMS.txt
./reports/evidence/EPOCH-19/SNAPSHOT.md
./reports/evidence/EPOCH-19/SUMMARY.md
./reports/evidence/EPOCH-19/VERDICT.md
./reports/evidence/EPOCH-20/PLAN.md
./reports/evidence/EPOCH-20/SUMMARY.md
./reports/evidence/EPOCH-20/VERDICT.md
./reports/evidence/EPOCH-21/PLAN.md
./reports/evidence/EPOCH-21/SUMMARY.md
./reports/evidence/EPOCH-21/VERDICT.md
./reports/evidence/EPOCH-22/ASSUMPTIONS.md
./reports/evidence/EPOCH-22/DIFF.patch
./reports/evidence/EPOCH-22/GATE_PLAN.md
./reports/evidence/EPOCH-22/INVENTORY.txt
./reports/evidence/EPOCH-22/PREFLIGHT.md
./reports/evidence/EPOCH-22/RISK_REGISTER.md
./reports/evidence/EPOCH-22/SHA256SUMS.EVIDENCE.txt
./reports/evidence/EPOCH-22/SHA256SUMS.EXPORT.txt
./reports/evidence/EPOCH-22/SHA256SUMS.SOURCE.txt
./reports/evidence/EPOCH-22/SUMMARY.md
./reports/evidence/EPOCH-22/VERDICT.md
./reports/evidence/EPOCH-23/ASSUMPTIONS.md
./reports/evidence/EPOCH-23/DIFF.patch
./reports/evidence/EPOCH-23/GATE_PLAN.md
./reports/evidence/EPOCH-23/INVENTORY.txt
./reports/evidence/EPOCH-23/PREFLIGHT.md
./reports/evidence/EPOCH-23/RISK_REGISTER.md
./reports/evidence/EPOCH-23/SHA256SUMS.EVIDENCE.txt
./reports/evidence/EPOCH-23/SHA256SUMS.EXPORT.txt
./reports/evidence/EPOCH-23/SHA256SUMS.SOURCE.txt
./reports/evidence/EPOCH-23/SUMMARY.md
./reports/evidence/EPOCH-23/VERDICT.md
./reports/evidence/EPOCH-24/ASSUMPTIONS.md
./reports/evidence/EPOCH-24/DIFF.patch
./reports/evidence/EPOCH-24/GATE_PLAN.md
./reports/evidence/EPOCH-24/INVENTORY.txt
./reports/evidence/EPOCH-24/PREFLIGHT.md
./reports/evidence/EPOCH-24/RISK_REGISTER.md
./reports/evidence/EPOCH-24/SHA256SUMS.EVIDENCE.txt
./reports/evidence/EPOCH-24/SHA256SUMS.EXPORT.txt
./reports/evidence/EPOCH-24/SHA256SUMS.SOURCE.txt
./reports/evidence/EPOCH-24/SUMMARY.md
./reports/evidence/EPOCH-24/VERDICT.md
./reports/evidence/EPOCH-25/ASSUMPTIONS.md
./reports/evidence/EPOCH-25/DIFF.patch
./reports/evidence/EPOCH-25/GATE_PLAN.md
./reports/evidence/EPOCH-25/INVENTORY.txt
./reports/evidence/EPOCH-25/PREFLIGHT.md
./reports/evidence/EPOCH-25/RISK_REGISTER.md
./reports/evidence/EPOCH-25/SHA256SUMS.EVIDENCE.txt
./reports/evidence/EPOCH-25/SHA256SUMS.EXPORT.txt
./reports/evidence/EPOCH-25/SHA256SUMS.SOURCE.txt
./reports/evidence/EPOCH-25/SUMMARY.md
./reports/evidence/EPOCH-25/VERDICT.md
./reports/evidence/EPOCH-26/ASSUMPTIONS.md
./reports/evidence/EPOCH-26/DIFF.patch
./reports/evidence/EPOCH-26/GATE_PLAN.md
./reports/evidence/EPOCH-26/INVENTORY.txt
./reports/evidence/EPOCH-26/PREFLIGHT.md
./reports/evidence/EPOCH-26/SHA256SUMS.EVIDENCE.txt
./reports/evidence/EPOCH-26/SHA256SUMS.EXPORT.txt
./reports/evidence/EPOCH-26/SHA256SUMS.SOURCE.txt
./reports/evidence/EPOCH-26/SHA256SUMS.txt
./reports/evidence/EPOCH-26/SUMMARY.md
./reports/evidence/EPOCH-30-FINAL/PREFLIGHT.log
./reports/evidence/EPOCH-AUTOPILOT-FINAL/ASSUMPTIONS.md
./reports/evidence/EPOCH-AUTOPILOT-FINAL/AUTONOMOUS_EPOCH_RUN_STATE.json
./reports/evidence/EPOCH-AUTOPILOT-FINAL/AUTONOMOUS_EPOCH_VERDICT.md
./reports/evidence/EPOCH-AUTOPILOT-FINAL/DIFF.patch
./reports/evidence/EPOCH-AUTOPILOT-FINAL/GATE_PLAN.md
./reports/evidence/EPOCH-AUTOPILOT-FINAL/INVENTORY.txt
./reports/evidence/EPOCH-AUTOPILOT-FINAL/LEDGER.snapshot.json
./reports/evidence/EPOCH-AUTOPILOT-FINAL/PREFLIGHT.log
./reports/evidence/EPOCH-AUTOPILOT-FINAL/RISK_REGISTER.md
./reports/evidence/EPOCH-AUTOPILOT-FINAL/SHA256SUMS.EVIDENCE.txt
./reports/evidence/EPOCH-AUTOPILOT-FINAL/SHA256SUMS.EXPORT.txt
./reports/evidence/EPOCH-AUTOPILOT-FINAL/SHA256SUMS.SOURCE.txt
./reports/evidence/EPOCH-AUTOPILOT-FINAL/SNAPSHOT.md
./reports/evidence/EPOCH-AUTOPILOT-FINAL/SUMMARY.md
./reports/evidence/EPOCH-AUTOPILOT-FINAL/TREE_DEPTH2.txt
./reports/evidence/EPOCH-AUTOPILOT-FINAL/VERDICT.md
./reports/evidence/EPOCH-AUTOPILOT-START/ASSUMPTIONS.md
./reports/evidence/EPOCH-AUTOPILOT-START/DIFF.patch
./reports/evidence/EPOCH-AUTOPILOT-START/GATE_PLAN.md
./reports/evidence/EPOCH-AUTOPILOT-START/INSTALL.log
./reports/evidence/EPOCH-AUTOPILOT-START/INVENTORY.txt
./reports/evidence/EPOCH-AUTOPILOT-START/PREFLIGHT.log
./reports/evidence/EPOCH-AUTOPILOT-START/RISK_REGISTER.md
./reports/evidence/EPOCH-AUTOPILOT-START/SHA256SUMS.EVIDENCE.txt
./reports/evidence/EPOCH-AUTOPILOT-START/SHA256SUMS.EXPORT.txt
./reports/evidence/EPOCH-AUTOPILOT-START/SHA256SUMS.SOURCE.txt
./reports/evidence/EPOCH-AUTOPILOT-START/SNAPSHOT.md
./reports/evidence/EPOCH-AUTOPILOT-START/SUMMARY.md
./reports/evidence/EPOCH-AUTOPILOT-START/VERDICT.md
./reports/evidence/EPOCH-BOOT.1/ASSUMPTIONS.md
./reports/evidence/EPOCH-BOOT.1/DIFF.patch
./reports/evidence/EPOCH-BOOT.1/GATE_PLAN.md
./reports/evidence/EPOCH-BOOT.1/INSTALL.log
./reports/evidence/EPOCH-BOOT.1/INVENTORY.txt
./reports/evidence/EPOCH-BOOT.1/PREFLIGHT.log
./reports/evidence/EPOCH-BOOT.1/RISK_REGISTER.md
./reports/evidence/EPOCH-BOOT.1/SHA256SUMS.EXPORT.txt
./reports/evidence/EPOCH-BOOT.1/SHA256SUMS.SOURCE.txt
./reports/evidence/EPOCH-BOOT.1/SNAPSHOT.md
./reports/evidence/EPOCH-BOOT.1/SUMMARY.md
./reports/evidence/EPOCH-BOOT.1/TREE_L2.txt
./reports/evidence/EPOCH-BOOT.2/ASSUMPTIONS.md
./reports/evidence/EPOCH-BOOT.2/DIFF.patch
./reports/evidence/EPOCH-BOOT.2/GATE_PLAN.md
./reports/evidence/EPOCH-BOOT.2/INSTALL.log
./reports/evidence/EPOCH-BOOT.2/INVENTORY.txt
./reports/evidence/EPOCH-BOOT.2/PREFLIGHT.log
./reports/evidence/EPOCH-BOOT.2/RISK_REGISTER.md
./reports/evidence/EPOCH-BOOT.2/SHA256SUMS.EXPORT.txt
./reports/evidence/EPOCH-BOOT.2/SHA256SUMS.SOURCE.txt
./reports/evidence/EPOCH-BOOT.2/SNAPSHOT.md
./reports/evidence/EPOCH-BOOT.2/SUMMARY.md
./reports/evidence/EPOCH-BOOT.2/TREE_L2.txt
./reports/evidence/EPOCH-BOOT.3/ASSUMPTIONS.md
./reports/evidence/EPOCH-BOOT.3/DIFF.patch
./reports/evidence/EPOCH-BOOT.3/GATE_PLAN.md
./reports/evidence/EPOCH-BOOT.3/INSTALL.log
./reports/evidence/EPOCH-BOOT.3/INVENTORY.txt
./reports/evidence/EPOCH-BOOT.3/PREFLIGHT.log
./reports/evidence/EPOCH-BOOT.3/RISK_REGISTER.md
./reports/evidence/EPOCH-BOOT.3/SHA256SUMS.EXPORT.txt
./reports/evidence/EPOCH-BOOT.3/SHA256SUMS.SOURCE.txt
./reports/evidence/EPOCH-BOOT.3/SNAPSHOT.md
./reports/evidence/EPOCH-BOOT.3/SUMMARY.md
./reports/evidence/EPOCH-BOOT.3/TREE_L2.txt
./reports/evidence/EPOCH-BOOT.4/ASSUMPTIONS.md
./reports/evidence/EPOCH-BOOT.4/DIFF.patch
./reports/evidence/EPOCH-BOOT.4/GATE_PLAN.md
./reports/evidence/EPOCH-BOOT.4/INSTALL.log
./reports/evidence/EPOCH-BOOT.4/INVENTORY.txt
./reports/evidence/EPOCH-BOOT.4/PREFLIGHT.log
./reports/evidence/EPOCH-BOOT.4/RISK_REGISTER.md
./reports/evidence/EPOCH-BOOT.4/SHA256SUMS.EXPORT.txt
./reports/evidence/EPOCH-BOOT.4/SHA256SUMS.SOURCE.txt
./reports/evidence/EPOCH-BOOT.4/SNAPSHOT.md
./reports/evidence/EPOCH-BOOT.4/SUMMARY.md
./reports/evidence/EPOCH-BOOT.4/TREE_L2.txt
./reports/evidence/EPOCH-BOOT.5/ASSUMPTIONS.md
./reports/evidence/EPOCH-BOOT.5/DIFF.patch
./reports/evidence/EPOCH-BOOT.5/GATE_PLAN.md
./reports/evidence/EPOCH-BOOT.5/INSTALL.log
./reports/evidence/EPOCH-BOOT.5/INVENTORY.txt
./reports/evidence/EPOCH-BOOT.5/PREFLIGHT.log
./reports/evidence/EPOCH-BOOT.5/PR_HANDOFF.md
./reports/evidence/EPOCH-BOOT.5/RISK_REGISTER.md
./reports/evidence/EPOCH-BOOT.5/SHA256SUMS.EXPORT.txt
./reports/evidence/EPOCH-BOOT.5/SHA256SUMS.SOURCE.txt
./reports/evidence/EPOCH-BOOT.5/SNAPSHOT.md
./reports/evidence/EPOCH-BOOT.5/SUMMARY.md
./reports/evidence/EPOCH-BOOT.5/TREE_L2.txt
./reports/evidence/EPOCH-BOOT.AUTOPILOT/ASSUMPTIONS.md
./reports/evidence/EPOCH-BOOT.AUTOPILOT/DIFF.patch
./reports/evidence/EPOCH-BOOT.AUTOPILOT/GATE_PLAN.md
./reports/evidence/EPOCH-BOOT.AUTOPILOT/INVENTORY.txt
./reports/evidence/EPOCH-BOOT.AUTOPILOT/PIPELINE_IMPROVEMENTS.md
./reports/evidence/EPOCH-BOOT.AUTOPILOT/PREFLIGHT.log
./reports/evidence/EPOCH-BOOT.AUTOPILOT/RISK_REGISTER.md
./reports/evidence/EPOCH-BOOT.AUTOPILOT/SHA256SUMS.EVIDENCE.txt
./reports/evidence/EPOCH-BOOT.AUTOPILOT/SHA256SUMS.EXPORT.txt
./reports/evidence/EPOCH-BOOT.AUTOPILOT/SHA256SUMS.SOURCE.txt
./reports/evidence/EPOCH-BOOT.AUTOPILOT/SNAPSHOT.md
./reports/evidence/EPOCH-BOOT.AUTOPILOT/SUMMARY.md
./reports/evidence/EPOCH-BOOT.AUTOPILOT/TREE_DEPTH2.txt
./reports/evidence/EPOCH-BOOT.AUTOPILOT/VERDICT.md
./reports/evidence/EPOCH-BOOT/ASSUMPTIONS.md
./reports/evidence/EPOCH-BOOT/ASSUMPTIONS_LEDGER.md
./reports/evidence/EPOCH-BOOT/CHECKSUM_VALIDATE.log
./reports/evidence/EPOCH-BOOT/DIFF.patch
./reports/evidence/EPOCH-BOOT/EXPORT_SHA256.txt
./reports/evidence/EPOCH-BOOT/GATE_PLAN.md
./reports/evidence/EPOCH-BOOT/IMPACT_ANALYSIS.md
./reports/evidence/EPOCH-BOOT/IMPLEMENTATION_PLAN.md
./reports/evidence/EPOCH-BOOT/INSTALL.log
./reports/evidence/EPOCH-BOOT/INVENTORY.txt
./reports/evidence/EPOCH-BOOT/META_RISK_ASSESSMENT.md
./reports/evidence/EPOCH-BOOT/PIPELINE_IMPROVEMENT_REPORT.md
./reports/evidence/EPOCH-BOOT/PREFLIGHT.log
./reports/evidence/EPOCH-BOOT/RISK_REGISTER.md
./reports/evidence/EPOCH-BOOT/SHA256SUMS.EVIDENCE.txt
./reports/evidence/EPOCH-BOOT/SHA256SUMS.EXPORT.txt
./reports/evidence/EPOCH-BOOT/SHA256SUMS.SOURCE.txt
./reports/evidence/EPOCH-BOOT/SNAPSHOT.md
./reports/evidence/EPOCH-BOOT/SPEC_LOCK.md
./reports/evidence/EPOCH-BOOT/SUMMARY.md
./reports/evidence/EPOCH-BOOT/TASK_TRACKER_CHECK.txt
./reports/evidence/EPOCH-BOOT/TREE_DEPTH2.txt
./reports/evidence/EPOCH-BOOT/VERDICT.md
./reports/evidence/EPOCH-PIPELINE-FREEZE/ASSUMPTIONS.md
./reports/evidence/EPOCH-PIPELINE-FREEZE/DIFF.patch
./reports/evidence/EPOCH-PIPELINE-FREEZE/GATE_PLAN.md
./reports/evidence/EPOCH-PIPELINE-FREEZE/PREFLIGHT.log
./reports/evidence/EPOCH-PIPELINE-FREEZE/RISK_REGISTER.md
./reports/evidence/EPOCH-PIPELINE-FREEZE/SHA256SUMS.EVIDENCE.txt
./reports/evidence/EPOCH-PIPELINE-FREEZE/SHA256SUMS.EXPORT.txt
./reports/evidence/EPOCH-PIPELINE-FREEZE/SHA256SUMS.SOURCE.txt
./reports/evidence/EPOCH-PIPELINE-FREEZE/SNAPSHOT.md
./reports/evidence/EPOCH-PIPELINE-FREEZE/SUMMARY.md
./reports/evidence/EPOCH-PIPELINE-FREEZE/TREE_DEPTH2.txt
./reports/evidence/EPOCH-PIPELINE-FREEZE/VERDICT.md
./reports/evidence/EPOCH-SPECS-POLISH/ASSUMPTIONS.md
./reports/evidence/EPOCH-SPECS-POLISH/AUDIT.md
./reports/evidence/EPOCH-SPECS-POLISH/DIFF.patch
./reports/evidence/EPOCH-SPECS-POLISH/GATE_PLAN.md
./reports/evidence/EPOCH-SPECS-POLISH/INVENTORY.txt
./reports/evidence/EPOCH-SPECS-POLISH/PREFLIGHT.log
./reports/evidence/EPOCH-SPECS-POLISH/RISK_REGISTER.md
./reports/evidence/EPOCH-SPECS-POLISH/SHA256SUMS.EVIDENCE.txt
./reports/evidence/EPOCH-SPECS-POLISH/SHA256SUMS.SOURCE.txt
./reports/evidence/EPOCH-SPECS-POLISH/SNAPSHOT.md
./reports/evidence/EPOCH-SPECS-POLISH/SUMMARY.md
./reports/evidence/EPOCH-SPECS-POLISH/VERDICT.md
./reports/evidence/SPEC_REFACTOR/DIFF.patch
./reports/evidence/SPEC_REFACTOR/SUMMARY.md
./reports/hack_a2_base_report.json
./reports/hack_a2_hostile_report.json
./reports/hack_a2_optimistic_report.json
./reports/hack_a3_base_report.json
./reports/hack_a3_hostile_report.json
./reports/hack_a3_optimistic_report.json
./reports/hack_b1_base_report.json
./reports/hack_b1_hostile_report.json
./reports/hack_b1_optimistic_report.json
./reports/hack_b3_base_report.json
./reports/hack_b3_hostile_report.json
./reports/hack_b3_optimistic_report.json
./reports/monitoring_report.json
./reports/recon_report.json
./reports/runs/.gitkeep
./scripts/data/BinanceWSClient.mjs
./scripts/data/DataAgent.mjs
./scripts/data/PriceConfidence.mjs
./scripts/data/agent_demo.mjs
./scripts/data/binance_fetcher.mjs
./scripts/data/fetch_binance_history.mjs
./scripts/data/import_binance_klines_json.mjs
./scripts/data/import_ohlcv_csv.mjs
./scripts/data/live_price_demo.mjs
./scripts/epoch/autonomous_epoch_executor.mjs
./scripts/export_validated.mjs
./scripts/ops/evidence_helpers.mjs
./scripts/ops/regen_manifests.mjs
./scripts/profit/OpportunityDetector.mjs
./scripts/profit/OpportunityHunter.mjs
./scripts/profit/ProfitCalculator.mjs
./scripts/profit/__tests__/treasure_engine.test.mjs
./scripts/profit/treasure_map_demo.mjs
./scripts/verify/adversarial_safety.mjs
./scripts/verify/agent_smoke.mjs
./scripts/verify/binance_smoke.mjs
./scripts/verify/confidence_score.test.mjs
./scripts/verify/config_check.mjs
./scripts/verify/court_stub.mjs
./scripts/verify/dataset_check.mjs
./scripts/verify/determinism.mjs
./scripts/verify/dryrun_live_e2e.mjs
./scripts/verify/e2_multi_seed.mjs
./scripts/verify/epoch07_integration.mjs
./scripts/verify/epoch08_integration.mjs
./scripts/verify/epoch09_integration.mjs
./scripts/verify/epoch09_integration.mjs.backup
./scripts/verify/epoch10_integration.mjs
./scripts/verify/epoch11_master_orchestrator.mjs
./scripts/verify/epoch22_ai_validation_harness.mjs
./scripts/verify/epoch23_signal_intent_contract_check.mjs
./scripts/verify/epoch24_walkforward_reality_gap_check.mjs
./scripts/verify/epoch25_testnet_campaign_check.mjs
./scripts/verify/epoch26_micro_live_governor_check.mjs
./scripts/verify/epochX_integration.mjs
./scripts/verify/events_schema_check.mjs
./scripts/verify/godtier_integration.mjs
./scripts/verify/governance_check.mjs
./scripts/verify/hacks_validate.mjs
./scripts/verify/json_schema_check.mjs
./scripts/verify/live_adapter_smoke.mjs
./scripts/verify/master_integration_e2e.mjs
./scripts/verify/monitoring_perf_check.mjs
./scripts/verify/paper_e2e.mjs
./scripts/verify/paper_multi_seed.mjs
./scripts/verify/persist_idempotency.mjs
./scripts/verify/phase2_smoke.mjs
./scripts/verify/phase2_verify.mjs
./scripts/verify/release_governor_check.mjs
./scripts/verify/run_with_context.mjs
./scripts/verify/safety_gates_check.mjs
./scripts/verify/safety_integrated_executor_check.mjs
./scripts/verify/specs_check.mjs
./scripts/verify/strategy_check.mjs
./scripts/verify/truth.sh
./scripts/verify/truth_layer_check.mjs
./scripts/verify/verify_adversarial.mjs
./scripts/verify/verify_reality_gap.mjs
./scripts/verify/wall.mjs
./scripts/verify/websocket_smoke.mjs
./spec/config.schema.json
./spec/hacks.json
./spec/ssot.json
./specs/CONSTRAINTS.md
./specs/DECISIONS.md
./specs/DETERMINISM_AUDIT.md
./specs/GATE_VALIDATION_MATRIX.md
./specs/PIPELINE.md
./specs/QUALITY_BAR.md
./specs/SPECS_QA_REPORT.md
./specs/SPEC_AUDIT_ASSUMPTIONS.md
./specs/SPEC_CONFLICTS.md
./specs/SSOT_INDEX.md
./specs/ai_determinism_baseline.json
./specs/epochs/EPOCH-17.md
./specs/epochs/EPOCH-17_EVIDENCE.md
./specs/epochs/EPOCH-17_GATES.md
./specs/epochs/EPOCH-17_TODO.md
./specs/epochs/EPOCH-17_safety_integrated_executor.md
./specs/epochs/EPOCH-18.md
./specs/epochs/EPOCH-18_EVIDENCE.md
./specs/epochs/EPOCH-18_GATES.md
./specs/epochs/EPOCH-18_TODO.md
./specs/epochs/EPOCH-18_strategy_layer.md
./specs/epochs/EPOCH-19.md
./specs/epochs/EPOCH-19_EVIDENCE.md
./specs/epochs/EPOCH-19_GATES.md
./specs/epochs/EPOCH-19_TODO.md
./specs/epochs/EPOCH-19_governance_mode_fsm.md
./specs/epochs/EPOCH-20.md
./specs/epochs/EPOCH-20_EVIDENCE.md
./specs/epochs/EPOCH-20_GATES.md
./specs/epochs/EPOCH-20_TODO.md
./specs/epochs/EPOCH-20_monitoring_perf.md
./specs/epochs/EPOCH-21.md
./specs/epochs/EPOCH-21_EVIDENCE.md
./specs/epochs/EPOCH-21_GATES.md
./specs/epochs/EPOCH-21_TODO.md
./specs/epochs/EPOCH-21_deployment_release.md
./specs/epochs/EPOCH-22.md
./specs/epochs/EPOCH-23.md
./specs/epochs/EPOCH-24.md
./specs/epochs/EPOCH-25.md
./specs/epochs/EPOCH-26.md
./specs/epochs/EPOCH_DEPENDENCY_GRAPH.md
./specs/epochs/INDEX.md
./specs/epochs/LEDGER.json
./specs/epochs/README.md
./specs/epochs/RELEASE_CHECKLIST_TEMPLATE.md
./specs/epochs/TEMPLATE.md
./truth/court_report.schema.json
./truth/eqs_report.schema.json
./truth/event.schema.json
./truth/events_report.schema.json
./truth/live_config.schema.json
./truth/monitoring_report.schema.json
./truth/recon_report.schema.json
./truth/sim_report.schema.json
./ui/ai_brain_visualizer.html
./ui/dashboard.html
./ui/generate_panel.mjs
./ui/panel.html
