
> treasure-engine@1.0.0 verify:specs
> npm run verify:ssot && node scripts/verify/specs_check.mjs && npm run verify:wow && npm run verify:kb && npm run verify:passports && npm run verify:derived && npm run verify:docs && npm run verify:ledger && npm run verify:repo


> treasure-engine@1.0.0 verify:ssot
> node scripts/verify/ssot_check.mjs

verify:ssot PASSED (epochs=1..60)
verify:specs PASSED
Validated 68 required files in /workspace/Treasure_engine

> treasure-engine@1.0.0 verify:wow
> node scripts/verify/wow_specs_check.mjs

verify:wow PASSED
{
  "total": 38,
  "counts": {
    "SHIPPED": 10,
    "PROPOSED": 25,
    "STAGED": 3
  }
}

> treasure-engine@1.0.0 verify:kb
> node scripts/verify/kb_check.mjs

verify:kb PASSED
{
  "files": 7
}

> treasure-engine@1.0.0 verify:passports
> node scripts/verify/passports_check.mjs

verify:passports PASSED (10 shipped WOW passports)

> treasure-engine@1.0.0 verify:derived
> node scripts/verify/derived_docs_check.mjs

verify:derived PASSED
{
  "files": [
    {
      "file": "docs/WOW_CATALOG.md",
      "sha256": "b58ea0021fb0704f547879f938db3dcd0355cee2cec3223f5aa95c52ec65d53e"
    },
    {
      "file": "docs/STAGE2_IMPLEMENTATION_MATRIX.md",
      "sha256": "e1334a4240994632b7b706d723a79bc707fa080f1f7a91d5771fa4348ae44e66"
    },
    {
      "file": "kb/INDEX.md",
      "sha256": "a5983ed0aa77a61f0367f8ce5d120ab93884bce9c6bfbf0a84e0ed42821e7397"
    }
  ]
}

> treasure-engine@1.0.0 verify:docs
> node scripts/verify/docs_links_check.mjs

verify:docs PASSED
{
  "checked_files": 144,
  "broken_links": 0
}

> treasure-engine@1.0.0 verify:ledger
> npm run verify:ledger:schema && node scripts/verify/ledger_check.mjs


> treasure-engine@1.0.0 verify:ledger:schema
> node scripts/verify/ledger_schema_strict.mjs

verify:ledger:schema PASSED
verify:ledger PASSED

> treasure-engine@1.0.0 verify:repo
> node scripts/verify/repo_sanity_check.mjs && npm run verify:manifest && npm run verify:determinism:strict

verify:repo PASSED

> treasure-engine@1.0.0 verify:manifest
> node scripts/verify/repo_manifest.mjs

verify:manifest PASSED

> treasure-engine@1.0.0 verify:determinism:strict
> node scripts/verify/determinism.mjs

verify:determinism:strict PASSED
