# PREFLIGHT
date: 2026-02-10T18:05:48+00:00
$ node -v
v20.19.6
$ npm -v
11.4.2
$ git --version
git version 2.43.0
$ pwd
/workspace/Treasure_engine
$ ls -la
total 544
drwxr-xr-x  4 root root   4096 Feb 10 17:57 .
drwxr-xr-x  3 root root   4096 Feb 10 17:56 ..
drwxr-xr-x  8 root root   4096 Feb 10 18:05 .git
-rw-r--r--  1 root root 538957 Feb 10 17:56 TREASURE_ENGINE_FINAL_VALIDATED_WITH_AGENTS.zip
drwxr-xr-x 16 root root   4096 Feb 10 17:59 repo
$ git status -sb
## work
?? repo/AGENTS.md
?? repo/EVIDENCE_PACK/
?? repo/QUICK_START.md
?? repo/RUNBOOK_OPERATIONS.md
?? repo/core/
?? repo/data/
?? repo/dataset/
?? repo/docs/
?? repo/evidence/
?? repo/examples/
?? repo/logs/
?? repo/node_modules/
?? repo/package-lock.json
?? repo/package.json
?? repo/package.json.bak
?? repo/reports/EPOCH-06_EVIDENCE/
?? repo/reports/EPOCH-06_EXECUTION_REPORT.md
?? repo/reports/EPOCH-10_EXECUTION_REPORT.md
?? repo/reports/EPOCH-11_MASTER_ORCHESTRATOR_REPORT.md
?? repo/reports/EVIDENCE_PACK.tar.gz
?? repo/reports/FINAL_ASSEMBLY_REPORT.md
?? repo/reports/FINAL_EVIDENCE/
?? repo/reports/court_report.json
?? repo/reports/court_report_run1.json
?? repo/reports/epoch-12/
?? repo/reports/epoch-13/
?? repo/reports/epoch-14/
?? repo/reports/epoch-15/
?? repo/reports/epoch-16/
?? repo/reports/eqs_report.json
?? repo/reports/events_report.json
?? repo/reports/evidence/EPOCH-18/
?? repo/reports/hack_a2_base_report.json
?? repo/reports/hack_a2_hostile_report.json
?? repo/reports/hack_a2_optimistic_report.json
?? repo/reports/hack_a3_base_report.json
?? repo/reports/hack_a3_hostile_report.json
?? repo/reports/hack_a3_optimistic_report.json
?? repo/reports/hack_b1_base_report.json
?? repo/reports/hack_b1_hostile_report.json
?? repo/reports/hack_b1_optimistic_report.json
?? repo/reports/hack_b3_base_report.json
?? repo/reports/hack_b3_hostile_report.json
?? repo/reports/hack_b3_optimistic_report.json
?? repo/reports/recon_report.json
?? repo/scripts/
?? repo/spec/
?? repo/truth/
?? repo/ui/
$ git rev-parse HEAD
f486a5766b60ffafd83d2b986a5fd90305617f9e
