$ sha256sum -c reports/evidence/EPOCH-AUTOPILOT-FINAL/SHA256SUMS.EVIDENCE.txt
reports/evidence/EPOCH-AUTOPILOT-FINAL/ASSUMPTIONS.md: OK
reports/evidence/EPOCH-AUTOPILOT-FINAL/AUTONOMOUS_EPOCH_RUN_STATE.json: OK
reports/evidence/EPOCH-AUTOPILOT-FINAL/AUTONOMOUS_EPOCH_VERDICT.md: OK
reports/evidence/EPOCH-AUTOPILOT-FINAL/DIFF.patch: OK
reports/evidence/EPOCH-AUTOPILOT-FINAL/GATE_PLAN.md: OK
reports/evidence/EPOCH-AUTOPILOT-FINAL/INVENTORY.txt: OK
reports/evidence/EPOCH-AUTOPILOT-FINAL/LEDGER.snapshot.json: OK
reports/evidence/EPOCH-AUTOPILOT-FINAL/PREFLIGHT.log: OK
reports/evidence/EPOCH-AUTOPILOT-FINAL/RISK_REGISTER.md: OK
reports/evidence/EPOCH-AUTOPILOT-FINAL/SHA256SUMS.EXPORT.txt: OK
reports/evidence/EPOCH-AUTOPILOT-FINAL/SHA256SUMS.SOURCE.txt: OK
reports/evidence/EPOCH-AUTOPILOT-FINAL/SNAPSHOT.md: OK
reports/evidence/EPOCH-AUTOPILOT-FINAL/SUMMARY.md: OK
reports/evidence/EPOCH-AUTOPILOT-FINAL/TREE_DEPTH2.txt: OK
reports/evidence/EPOCH-AUTOPILOT-FINAL/VERDICT.md: OK
reports/evidence/EPOCH-AUTOPILOT-FINAL/gates/epoch_22_01_npm_run_verify_epoch22.log: OK
reports/evidence/EPOCH-AUTOPILOT-FINAL/gates/epoch_22_02_npm_run_verify_core.log: OK
reports/evidence/EPOCH-AUTOPILOT-FINAL/gates/epoch_close.log: OK
reports/evidence/EPOCH-AUTOPILOT-FINAL/gates/epoch_next.log: OK
reports/evidence/EPOCH-AUTOPILOT-FINAL/gates/epoch_run.log: OK
reports/evidence/EPOCH-AUTOPILOT-FINAL/gates/verify_e2_rerun.log: OK
reports/evidence/EPOCH-AUTOPILOT-FINAL/gates/verify_paper_multi.log: OK
reports/evidence/EPOCH-AUTOPILOT-FINAL/gates/verify_paper_rerun.log: OK
reports/evidence/EPOCH-AUTOPILOT-FINAL/gates/verify_release_governor.log: OK
reports/evidence/EPOCH-AUTOPILOT-FINAL/gates/verify_specs.log: OK
reports/evidence/EPOCH-AUTOPILOT-FINAL/gates/verify_specs_post_ledger.log: OK
reports/evidence/EPOCH-AUTOPILOT-FINAL/manifests/export_validated.log: OK
