.gitignore: OK
AGENTS.md: OK
EVIDENCE_PACK/00_run_meta.json: OK
EVIDENCE_PACK/01_inventory.txt: OK
EVIDENCE_PACK/02_tree.txt: OK
EVIDENCE_PACK/03_sha256_all.txt: OK
EVIDENCE_PACK/09_diff.patch: OK
EVIDENCE_PACK/10_results_summary.md: OK
EVIDENCE_PACK/12_known_limits.md: OK
EVIDENCE_PACK_EPOCH-17.tar.gz.sha256: OK
EVIDENCE_PACK_EPOCH-18.tar.gz.sha256: OK
EVIDENCE_PACK_EPOCH-19.tar.gz.sha256: OK
EVIDENCE_PACK_EPOCH-21.tar.gz.sha256: OK
EVIDENCE_PACK_EPOCH-BOOT.tar.gz.sha256: OK
FINAL_VALIDATED.zip.sha256: OK
NEXT_EPOCH_PLAN.md: OK
QUICK_START.md: OK
README.md: OK
RUNBOOK.md: OK
RUNBOOK_OPERATIONS.md: OK
SDD_EPOCH_17_21.md: OK
TASK_TRACKER.md: OK
artifacts/incoming/repo_prebootstrap/FINAL_VALIDATED.zip.sha256: OK
artifacts/incoming/repo_prebootstrap/reports/evidence/EPOCH-17/DIFF.patch: OK
artifacts/incoming/repo_prebootstrap/reports/evidence/EPOCH-17/FILE_INVENTORY.txt: OK
artifacts/incoming/repo_prebootstrap/reports/evidence/EPOCH-17/SNAPSHOT.md: OK
artifacts/incoming/repo_prebootstrap/reports/evidence/EPOCH-17/SUMMARY.md: OK
artifacts/incoming/repo_prebootstrap/reports/evidence/EPOCH-18/DIFF.patch: OK
artifacts/incoming/repo_prebootstrap/reports/evidence/EPOCH-18/FILE_INVENTORY.txt: OK
artifacts/incoming/repo_prebootstrap/reports/evidence/EPOCH-18/SNAPSHOT.md: OK
artifacts/incoming/repo_prebootstrap/reports/evidence/EPOCH-18/SUMMARY.md: OK
core/ai/ai_signal_bridge.mjs: OK
core/ai/autonomous_agent.mjs: OK
core/ai/cognitive_brain.mjs: OK
core/ai/hypothesis_generator.mjs: OK
core/ai/learning_system.mjs: OK
core/ai/master_orchestrator.mjs: OK
core/ai/meta_learning_engine.mjs: OK
core/ai/metacognitive_controller.mjs: OK
core/ai/self_reflection_system.mjs: OK
core/ai/strategy_generator.mjs: OK
core/ai/superintelligent_agent.mjs: OK
core/control/master_system.mjs: OK
core/court/court_v1.mjs: OK
core/court/court_v2.mjs: OK
core/court/truth_integration_example.mjs: OK
core/data/dataset_io.mjs: OK
core/data/websocket_feed.mjs: OK
core/exec/adapters/adversarial_safety.mjs: OK
core/exec/adapters/adversarial_tester.mjs: OK
core/exec/adapters/binance_client.mjs: OK
core/exec/adapters/iexecution_adapter.mjs: OK
core/exec/adapters/live_adapter.mjs: OK
core/exec/adapters/live_adapter_dryrun.mjs: OK
core/exec/adapters/mock_exchange.mjs: OK
core/exec/adapters/paper_adapter.mjs: OK
core/exec/adapters/safety_gates.mjs: OK
core/exec/execution_policy.mjs: OK
core/exec/master_executor.mjs: OK
core/exec/mode_aware_executor.mjs: OK
core/exec/safety_gate_validator.mjs: OK
core/exec/safety_integrated_executor.mjs: OK
core/exec/signal_converter.mjs: OK
core/exec/strategy_aware_executor.mjs: OK
core/governance/approval_workflow.mjs: OK
core/governance/governance_engine.mjs: OK
core/governance/mode_fsm.mjs: OK
core/governance/rules_engine.mjs: OK
core/ml/anomaly_detector.mjs: OK
core/monitoring/safety_monitor.mjs: OK
core/obs/event_log.mjs: OK
core/obs/event_log_v2.mjs: OK
core/obs/reality_gap_monitor.mjs: OK
core/performance/perf_engine.mjs: OK
core/persist/db.mjs: OK
core/persist/migrations/0001_init.sql: OK
core/persist/repo_state.mjs: OK
core/portfolio/multi_strategy.mjs: OK
core/portfolio/portfolio_allocator.mjs: OK
core/quality/quality_filter.mjs: OK
core/recon/reconcile_v1.mjs: OK
core/resilience/self_healing.mjs: OK
core/risk/risk_governor.mjs: OK
core/risk/risk_governor_wrapper.mjs: OK
core/sim/bar_generator.mjs: OK
core/sim/base_signal.mjs: OK
core/sim/engine.mjs: OK
core/sim/engine_paper.mjs: OK
core/sim/metrics.mjs: OK
core/sim/models.mjs: OK
core/sim/order_lifecycle.mjs: OK
core/sim/penalized.mjs: OK
core/sim/rng.mjs: OK
core/strategy/strategy_orchestrator.mjs: OK
core/sys/clock.mjs: OK
core/sys/context.mjs: OK
core/sys/rng.mjs: OK
core/sys/run_artifacts.mjs: OK
core/testing/chaos_engineer.mjs: OK
core/truth/canonicalize.mjs: OK
core/truth/truth_engine.mjs: OK
core/ultimate/ultimate_system.mjs: OK
data/fixtures/live/btc_usdt_market_buy_001.json: OK
data/fixtures/live/eth_usdt_limit_sell_partial.json: OK
data/fixtures/live/sol_usdt_price_mismatch.json: OK
data/synthetic_1000bars_5m.json: OK
dataset/BTCUSDT_5m_100bars.json: OK
docs/API_DOCUMENTATION.md: OK
docs/DEPLOYMENT_GUIDE.md: OK
docs/NEXT_ACTIONS_ROADMAP.md: OK
docs/PIPELINE_DOCTRINE.md: OK
docs/PROJECT_DOCUMENTATION_RU.md: OK
docs/SPEC_OF_SPECS.md: OK
docs/VERIFICATION_PLAYBOOK_RU.md: OK
evidence/checksums_manifest.txt: OK
evidence/checksums_manifest_epoch13.txt: OK
evidence/determinism_run1/court_report.json: OK
evidence/determinism_run1/eqs_report.json: OK
evidence/diffs/determinism_diff.txt: OK
examples/swarm_trading_demo.mjs: OK
package-lock.json: OK
package.json: OK
package.json.bak: OK
reports/EPOCH-06_EVIDENCE/09_git_diff.patch: OK
reports/EPOCH-06_EVIDENCE/11_repo_files.sha256: OK
reports/EPOCH-06_EXECUTION_REPORT.md: OK
reports/EPOCH-10_EXECUTION_REPORT.md: OK
reports/EPOCH-11_MASTER_ORCHESTRATOR_REPORT.md: OK
reports/FINAL_ASSEMBLY_REPORT.md: OK
reports/FINAL_EVIDENCE/comprehensive_checksums.txt: OK
reports/FINAL_EVIDENCE/directory_tree.txt: OK
reports/FINAL_EVIDENCE/file_inventory.txt: OK
reports/court_report.json: OK
reports/court_report_run1.json: OK
reports/epoch-12/EPOCH-12_BASELINE_GATES.md: OK
reports/epoch-12/EPOCH-12_EXECUTION_REPORT.md: OK
reports/epoch-12/EPOCH-12_SNAPSHOT.md: OK
reports/epoch-13/EPOCH-13_BLOCKERS.md: OK
reports/epoch-13/EPOCH-13_EXECUTION_REPORT.md: OK
reports/epoch-14/EPOCH-14_EXECUTION_REPORT.md: OK
reports/epoch-15/EPOCH-15_EXECUTION_REPORT.md: OK
reports/epoch-16/EPOCH-16_EXECUTION_REPORT.md: OK
reports/eqs_report.json: OK
reports/events_report.json: OK
reports/evidence/BOOTSTRAP/DIFF.patch: OK
reports/evidence/BOOTSTRAP/SUMMARY.md: OK
reports/evidence/EPOCH-01/DIFF.patch: OK
reports/evidence/EPOCH-01/GATE_PLAN.md: OK
reports/evidence/EPOCH-01/INVENTORY.txt: OK
reports/evidence/EPOCH-01/PREFLIGHT.md: OK
reports/evidence/EPOCH-01/SNAPSHOT.md: OK
reports/evidence/EPOCH-01/SUMMARY.md: OK
reports/evidence/EPOCH-17.0/ASSUMPTIONS.md: OK
reports/evidence/EPOCH-17.0/DIFF.patch: OK
reports/evidence/EPOCH-17.0/GATE_PLAN.md: OK
reports/evidence/EPOCH-17.0/INVENTORY.txt: OK
reports/evidence/EPOCH-17.0/RISK_REGISTER.md: OK
reports/evidence/EPOCH-17.0/SUMMARY.md: OK
reports/evidence/EPOCH-17.0/TREE_DEPTH2.txt: OK
reports/evidence/EPOCH-17/ASSUMPTIONS_LEDGER.md: OK
reports/evidence/EPOCH-17/DIFF.patch: OK
reports/evidence/EPOCH-17/INVENTORY.txt: OK
reports/evidence/EPOCH-17/NEXT.md: OK
reports/evidence/EPOCH-17/PLAN.md: OK
reports/evidence/EPOCH-17/PREFLIGHT.log: OK
reports/evidence/EPOCH-17/RISK_REGISTER.md: OK
reports/evidence/EPOCH-17/SNAPSHOT.md: OK
reports/evidence/EPOCH-17/SUMMARY.md: OK
reports/evidence/EPOCH-17/VERDICT.md: OK
reports/evidence/EPOCH-17/gates/npm_ci.log: OK
reports/evidence/EPOCH-17/gates/source_manifest_check.log: OK
reports/evidence/EPOCH-17/gates/verify_core_run1.log: OK
reports/evidence/EPOCH-17/gates/verify_e2_multi_run1.log: OK
reports/evidence/EPOCH-17/gates/verify_e2_run1.log: OK
reports/evidence/EPOCH-17/gates/verify_e2_run2.log: OK
reports/evidence/EPOCH-17/gates/verify_epoch17_run1.log: OK
reports/evidence/EPOCH-17/gates/verify_epoch17_run2.log: OK
reports/evidence/EPOCH-17/gates/verify_integration_run1.log: OK
reports/evidence/EPOCH-17/gates/verify_paper_run1.log: OK
reports/evidence/EPOCH-17/gates/verify_paper_run2.log: OK
reports/evidence/EPOCH-17/gates/verify_phase2_run1.log: OK
reports/evidence/EPOCH-18/ASSUMPTIONS_LEDGER.md: OK
reports/evidence/EPOCH-18/DIFF.patch: OK
reports/evidence/EPOCH-18/INVENTORY.txt: OK
reports/evidence/EPOCH-18/NEXT.md: OK
reports/evidence/EPOCH-18/PLAN.md: OK
reports/evidence/EPOCH-18/PREFLIGHT.log: OK
reports/evidence/EPOCH-18/RISK_REGISTER.md: OK
reports/evidence/EPOCH-18/SNAPSHOT.md: OK
reports/evidence/EPOCH-18/SUMMARY.md: OK
reports/evidence/EPOCH-18/VERDICT.md: OK
reports/evidence/EPOCH-18/gates/npm_ci.log: OK
reports/evidence/EPOCH-18/gates/source_manifest_check.log: OK
reports/evidence/EPOCH-18/gates/verify_core_run1.log: OK
reports/evidence/EPOCH-18/gates/verify_e2_multi_run1.log: OK
reports/evidence/EPOCH-18/gates/verify_e2_run1.log: OK
reports/evidence/EPOCH-18/gates/verify_e2_run2.log: OK
reports/evidence/EPOCH-18/gates/verify_epoch18_run1.log: OK
reports/evidence/EPOCH-18/gates/verify_integration_run1.log: OK
reports/evidence/EPOCH-18/gates/verify_paper_run1.log: OK
reports/evidence/EPOCH-18/gates/verify_paper_run2.log: OK
reports/evidence/EPOCH-18/gates/verify_phase2_run1.log: OK
reports/evidence/EPOCH-18/gates/verify_strategy_run1.log: OK
reports/evidence/EPOCH-18/gates/verify_strategy_run2.log: OK
reports/evidence/EPOCH-19/ASSUMPTIONS_LEDGER.md: OK
reports/evidence/EPOCH-19/DIFF.patch: OK
reports/evidence/EPOCH-19/GATE_PLAN.md: OK
reports/evidence/EPOCH-19/INVENTORY.txt: OK
reports/evidence/EPOCH-19/NEXT.md: OK
reports/evidence/EPOCH-19/PLAN.md: OK
reports/evidence/EPOCH-19/PREFLIGHT.log: OK
reports/evidence/EPOCH-19/RISK_REGISTER.md: OK
reports/evidence/EPOCH-19/SNAPSHOT.md: OK
reports/evidence/EPOCH-19/SUMMARY.md: OK
reports/evidence/EPOCH-19/VERDICT.md: OK
reports/evidence/EPOCH-19/gates/npm_ci.log: OK
reports/evidence/EPOCH-19/gates/source_manifest_check.log: OK
reports/evidence/EPOCH-19/gates/verify_core_run1.log: OK
reports/evidence/EPOCH-19/gates/verify_e2_multi_run1.log: OK
reports/evidence/EPOCH-19/gates/verify_e2_run1.log: OK
reports/evidence/EPOCH-19/gates/verify_e2_run2.log: OK
reports/evidence/EPOCH-19/gates/verify_epoch19_run1.log: OK
reports/evidence/EPOCH-19/gates/verify_governance_run1.log: OK
reports/evidence/EPOCH-19/gates/verify_governance_run2.log: OK
reports/evidence/EPOCH-19/gates/verify_integration_run1.log: OK
reports/evidence/EPOCH-19/gates/verify_paper_run1.log: OK
reports/evidence/EPOCH-19/gates/verify_paper_run2.log: OK
reports/evidence/EPOCH-19/gates/verify_phase2_run1.log: OK
reports/evidence/EPOCH-20/PLAN.md: OK
reports/evidence/EPOCH-20/SUMMARY.md: OK
reports/evidence/EPOCH-20/VERDICT.md: OK
reports/evidence/EPOCH-20/gates/verify_epoch20_run1.log: OK
reports/evidence/EPOCH-20/gates/verify_monitoring_run1.log: OK
reports/evidence/EPOCH-20/gates/verify_monitoring_run2.log: OK
reports/evidence/EPOCH-21/PLAN.md: OK
reports/evidence/EPOCH-21/SUMMARY.md: OK
reports/evidence/EPOCH-21/VERDICT.md: OK
reports/evidence/EPOCH-21/gates/verify_epoch21_run1.log: OK
reports/evidence/EPOCH-21/gates/verify_release_governor_run1.log: OK
reports/evidence/EPOCH-21/gates/verify_release_governor_run2.log: OK
reports/evidence/EPOCH-22/ASSUMPTIONS.md: OK
reports/evidence/EPOCH-22/DIFF.patch: OK
reports/evidence/EPOCH-22/GATE_PLAN.md: OK
reports/evidence/EPOCH-22/INVENTORY.txt: OK
reports/evidence/EPOCH-22/PREFLIGHT.md: OK
reports/evidence/EPOCH-22/RISK_REGISTER.md: OK
reports/evidence/EPOCH-22/SUMMARY.md: OK
reports/evidence/EPOCH-22/VERDICT.md: OK
reports/evidence/EPOCH-22/gates/npm_ci.log: OK
reports/evidence/EPOCH-22/gates/regen_manifests.log: OK
reports/evidence/EPOCH-22/gates/regen_manifests_epoch22.log: OK
reports/evidence/EPOCH-22/gates/regen_manifests_epochboot_refresh.log: OK
reports/evidence/EPOCH-22/gates/sha_evidence_check.log: OK
reports/evidence/EPOCH-22/gates/sha_source_check.log: OK
reports/evidence/EPOCH-22/gates/verify_core.log: OK
reports/evidence/EPOCH-22/gates/verify_epoch22_run1.log: OK
reports/evidence/EPOCH-22/gates/verify_epoch22_run2.log: OK
reports/evidence/EPOCH-22/gates/verify_integration.log: OK
reports/evidence/EPOCH-22/gates/verify_phase2.log: OK
reports/evidence/EPOCH-22/gates/verify_wall.log: OK
reports/evidence/EPOCH-23/ASSUMPTIONS.md: OK
reports/evidence/EPOCH-23/DIFF.patch: OK
reports/evidence/EPOCH-23/GATE_PLAN.md: OK
reports/evidence/EPOCH-23/INVENTORY.txt: OK
reports/evidence/EPOCH-23/PREFLIGHT.md: OK
reports/evidence/EPOCH-23/RISK_REGISTER.md: OK
reports/evidence/EPOCH-23/SUMMARY.md: OK
reports/evidence/EPOCH-23/VERDICT.md: OK
reports/evidence/EPOCH-23/gates/export_validated.log: OK
reports/evidence/EPOCH-23/gates/npm_ci.log: OK
reports/evidence/EPOCH-23/gates/regen_manifests_boot.log: OK
reports/evidence/EPOCH-23/gates/regen_manifests_epoch23.log: OK
reports/evidence/EPOCH-23/gates/sha_evidence_check.log: OK
reports/evidence/EPOCH-23/gates/sha_source_check.log: OK
reports/evidence/EPOCH-23/gates/verify_core.log: OK
reports/evidence/EPOCH-23/gates/verify_epoch23_run1.log: OK
reports/evidence/EPOCH-23/gates/verify_epoch23_run2.log: OK
reports/evidence/EPOCH-23/gates/verify_integration.log: OK
reports/evidence/EPOCH-23/gates/verify_phase2.log: OK
reports/evidence/EPOCH-23/gates/verify_wall.log: OK
reports/evidence/EPOCH-BOOT.1/ASSUMPTIONS.md: OK
reports/evidence/EPOCH-BOOT.1/DIFF.patch: OK
reports/evidence/EPOCH-BOOT.1/GATE_PLAN.md: OK
reports/evidence/EPOCH-BOOT.1/INSTALL.log: OK
reports/evidence/EPOCH-BOOT.1/INVENTORY.txt: OK
reports/evidence/EPOCH-BOOT.1/PREFLIGHT.log: OK
reports/evidence/EPOCH-BOOT.1/RISK_REGISTER.md: OK
reports/evidence/EPOCH-BOOT.1/SNAPSHOT.md: OK
reports/evidence/EPOCH-BOOT.1/SUMMARY.md: OK
reports/evidence/EPOCH-BOOT.1/TREE_L2.txt: OK
reports/evidence/EPOCH-BOOT.1/gates/source_manifest_check.log: OK
reports/evidence/EPOCH-BOOT.1/gates/verify_binance.log: OK
reports/evidence/EPOCH-BOOT.1/gates/verify_core.log: OK
reports/evidence/EPOCH-BOOT.1/gates/verify_e2_multi.log: OK
reports/evidence/EPOCH-BOOT.1/gates/verify_e2_run1.log: OK
reports/evidence/EPOCH-BOOT.1/gates/verify_e2_run2.log: OK
reports/evidence/EPOCH-BOOT.1/gates/verify_integration.log: OK
reports/evidence/EPOCH-BOOT.1/gates/verify_paper_run1.log: OK
reports/evidence/EPOCH-BOOT.1/gates/verify_paper_run2.log: OK
reports/evidence/EPOCH-BOOT.1/gates/verify_phase2.log: OK
reports/evidence/EPOCH-BOOT.1/gates/verify_websocket.log: OK
reports/evidence/EPOCH-BOOT.2/ASSUMPTIONS.md: OK
reports/evidence/EPOCH-BOOT.2/DIFF.patch: OK
reports/evidence/EPOCH-BOOT.2/GATE_PLAN.md: OK
reports/evidence/EPOCH-BOOT.2/INSTALL.log: OK
reports/evidence/EPOCH-BOOT.2/INVENTORY.txt: OK
reports/evidence/EPOCH-BOOT.2/PREFLIGHT.log: OK
reports/evidence/EPOCH-BOOT.2/RISK_REGISTER.md: OK
reports/evidence/EPOCH-BOOT.2/SNAPSHOT.md: OK
reports/evidence/EPOCH-BOOT.2/SUMMARY.md: OK
reports/evidence/EPOCH-BOOT.2/TREE_L2.txt: OK
reports/evidence/EPOCH-BOOT.2/gates/source_manifest_check.log: OK
reports/evidence/EPOCH-BOOT.2/gates/verify_core.log: OK
reports/evidence/EPOCH-BOOT.2/gates/verify_e2_multi.log: OK
reports/evidence/EPOCH-BOOT.2/gates/verify_e2_run1.log: OK
reports/evidence/EPOCH-BOOT.2/gates/verify_e2_run2.log: OK
reports/evidence/EPOCH-BOOT.2/gates/verify_paper_run1.log: OK
reports/evidence/EPOCH-BOOT.2/gates/verify_paper_run2.log: OK
reports/evidence/EPOCH-BOOT.3/ASSUMPTIONS.md: OK
reports/evidence/EPOCH-BOOT.3/DIFF.patch: OK
reports/evidence/EPOCH-BOOT.3/GATE_PLAN.md: OK
reports/evidence/EPOCH-BOOT.3/INSTALL.log: OK
reports/evidence/EPOCH-BOOT.3/INVENTORY.txt: OK
reports/evidence/EPOCH-BOOT.3/PREFLIGHT.log: OK
reports/evidence/EPOCH-BOOT.3/RISK_REGISTER.md: OK
reports/evidence/EPOCH-BOOT.3/SNAPSHOT.md: OK
reports/evidence/EPOCH-BOOT.3/SUMMARY.md: OK
reports/evidence/EPOCH-BOOT.3/TREE_L2.txt: OK
reports/evidence/EPOCH-BOOT.3/gates/source_manifest_check.log: OK
reports/evidence/EPOCH-BOOT.3/gates/verify_core.log: OK
reports/evidence/EPOCH-BOOT.3/gates/verify_e2_multi.log: OK
reports/evidence/EPOCH-BOOT.3/gates/verify_e2_run1.log: OK
reports/evidence/EPOCH-BOOT.3/gates/verify_e2_run2.log: OK
reports/evidence/EPOCH-BOOT.3/gates/verify_integration.log: OK
reports/evidence/EPOCH-BOOT.3/gates/verify_paper_run1.log: OK
reports/evidence/EPOCH-BOOT.3/gates/verify_paper_run2.log: OK
reports/evidence/EPOCH-BOOT.3/gates/verify_phase2.log: OK
reports/evidence/EPOCH-BOOT.4/ASSUMPTIONS.md: OK
reports/evidence/EPOCH-BOOT.4/DIFF.patch: OK
reports/evidence/EPOCH-BOOT.4/GATE_PLAN.md: OK
reports/evidence/EPOCH-BOOT.4/INSTALL.log: OK
reports/evidence/EPOCH-BOOT.4/INVENTORY.txt: OK
reports/evidence/EPOCH-BOOT.4/PREFLIGHT.log: OK
reports/evidence/EPOCH-BOOT.4/RISK_REGISTER.md: OK
reports/evidence/EPOCH-BOOT.4/SNAPSHOT.md: OK
reports/evidence/EPOCH-BOOT.4/SUMMARY.md: OK
reports/evidence/EPOCH-BOOT.4/TREE_L2.txt: OK
reports/evidence/EPOCH-BOOT.4/gates/source_manifest_check.log: OK
reports/evidence/EPOCH-BOOT.4/gates/verify_core.log: OK
reports/evidence/EPOCH-BOOT.4/gates/verify_e2_multi.log: OK
reports/evidence/EPOCH-BOOT.4/gates/verify_e2_run1.log: OK
reports/evidence/EPOCH-BOOT.4/gates/verify_e2_run2.log: OK
reports/evidence/EPOCH-BOOT.4/gates/verify_integration.log: OK
reports/evidence/EPOCH-BOOT.4/gates/verify_paper_run1.log: OK
reports/evidence/EPOCH-BOOT.4/gates/verify_paper_run2.log: OK
reports/evidence/EPOCH-BOOT.4/gates/verify_phase2.log: OK
reports/evidence/EPOCH-BOOT.5/ASSUMPTIONS.md: OK
reports/evidence/EPOCH-BOOT.5/DIFF.patch: OK
reports/evidence/EPOCH-BOOT.5/GATE_PLAN.md: OK
reports/evidence/EPOCH-BOOT.5/INSTALL.log: OK
reports/evidence/EPOCH-BOOT.5/INVENTORY.txt: OK
reports/evidence/EPOCH-BOOT.5/PREFLIGHT.log: OK
reports/evidence/EPOCH-BOOT.5/PR_HANDOFF.md: OK
reports/evidence/EPOCH-BOOT.5/RISK_REGISTER.md: OK
reports/evidence/EPOCH-BOOT.5/SNAPSHOT.md: OK
reports/evidence/EPOCH-BOOT.5/SUMMARY.md: OK
reports/evidence/EPOCH-BOOT.5/TREE_L2.txt: OK
reports/evidence/EPOCH-BOOT.5/gates/source_manifest_check.log: OK
reports/evidence/EPOCH-BOOT.5/gates/verify_core.log: OK
reports/evidence/EPOCH-BOOT.5/gates/verify_e2_multi.log: OK
reports/evidence/EPOCH-BOOT.5/gates/verify_e2_run1.log: OK
reports/evidence/EPOCH-BOOT.5/gates/verify_e2_run2.log: OK
reports/evidence/EPOCH-BOOT.5/gates/verify_integration.log: OK
reports/evidence/EPOCH-BOOT.5/gates/verify_paper_run1.log: OK
reports/evidence/EPOCH-BOOT.5/gates/verify_paper_run2.log: OK
reports/evidence/EPOCH-BOOT.5/gates/verify_phase2.log: OK
reports/evidence/EPOCH-BOOT.AUTOPILOT/ASSUMPTIONS.md: OK
reports/evidence/EPOCH-BOOT.AUTOPILOT/DIFF.patch: OK
reports/evidence/EPOCH-BOOT.AUTOPILOT/GATE_PLAN.md: OK
reports/evidence/EPOCH-BOOT.AUTOPILOT/INVENTORY.txt: OK
reports/evidence/EPOCH-BOOT.AUTOPILOT/PIPELINE_IMPROVEMENTS.md: OK
reports/evidence/EPOCH-BOOT.AUTOPILOT/PREFLIGHT.log: OK
reports/evidence/EPOCH-BOOT.AUTOPILOT/RISK_REGISTER.md: OK
reports/evidence/EPOCH-BOOT.AUTOPILOT/SNAPSHOT.md: OK
reports/evidence/EPOCH-BOOT.AUTOPILOT/SUMMARY.md: OK
reports/evidence/EPOCH-BOOT.AUTOPILOT/TREE_DEPTH2.txt: OK
reports/evidence/EPOCH-BOOT.AUTOPILOT/VERDICT.md: OK
reports/evidence/EPOCH-BOOT.AUTOPILOT/gates/export_validated_final.log: OK
reports/evidence/EPOCH-BOOT.AUTOPILOT/gates/export_validated_prewall.log: OK
reports/evidence/EPOCH-BOOT.AUTOPILOT/gates/npm_ci.log: OK
reports/evidence/EPOCH-BOOT.AUTOPILOT/gates/regen_manifests.log: OK
reports/evidence/EPOCH-BOOT.AUTOPILOT/gates/regen_manifests_final.log: OK
reports/evidence/EPOCH-BOOT.AUTOPILOT/gates/sha_evidence_check.log: OK
reports/evidence/EPOCH-BOOT.AUTOPILOT/gates/sha_source_check.log: OK
reports/evidence/EPOCH-BOOT.AUTOPILOT/gates/verify_core.log: OK
reports/evidence/EPOCH-BOOT.AUTOPILOT/gates/verify_core_final.log: OK
reports/evidence/EPOCH-BOOT.AUTOPILOT/gates/verify_integration.log: OK
reports/evidence/EPOCH-BOOT.AUTOPILOT/gates/verify_integration_final.log: OK
reports/evidence/EPOCH-BOOT.AUTOPILOT/gates/verify_phase2.log: OK
reports/evidence/EPOCH-BOOT.AUTOPILOT/gates/verify_phase2_final.log: OK
reports/evidence/EPOCH-BOOT.AUTOPILOT/gates/verify_release_governor_autobuild.log: OK
reports/evidence/EPOCH-BOOT.AUTOPILOT/gates/verify_specs.log: OK
reports/evidence/EPOCH-BOOT.AUTOPILOT/gates/verify_specs_final.log: OK
reports/evidence/EPOCH-BOOT.AUTOPILOT/gates/verify_wall.log: OK
reports/evidence/EPOCH-BOOT.AUTOPILOT/gates/verify_wall_latest.log: OK
reports/evidence/EPOCH-BOOT.AUTOPILOT/gates/zip_check.log: OK
reports/evidence/EPOCH-BOOT/ASSUMPTIONS.md: OK
reports/evidence/EPOCH-BOOT/ASSUMPTIONS_LEDGER.md: OK
reports/evidence/EPOCH-BOOT/CHECKSUM_VALIDATE.log: OK
reports/evidence/EPOCH-BOOT/DIFF.patch: OK
reports/evidence/EPOCH-BOOT/EXPORT_SHA256.txt: OK
reports/evidence/EPOCH-BOOT/GATE_PLAN.md: OK
reports/evidence/EPOCH-BOOT/IMPACT_ANALYSIS.md: OK
reports/evidence/EPOCH-BOOT/IMPLEMENTATION_PLAN.md: OK
reports/evidence/EPOCH-BOOT/INSTALL.log: OK
reports/evidence/EPOCH-BOOT/INVENTORY.txt: OK
reports/evidence/EPOCH-BOOT/META_RISK_ASSESSMENT.md: OK
reports/evidence/EPOCH-BOOT/PIPELINE_IMPROVEMENT_REPORT.md: OK
reports/evidence/EPOCH-BOOT/PREFLIGHT.log: OK
reports/evidence/EPOCH-BOOT/RISK_REGISTER.md: OK
reports/evidence/EPOCH-BOOT/SNAPSHOT.md: OK
reports/evidence/EPOCH-BOOT/SPEC_LOCK.md: OK
reports/evidence/EPOCH-BOOT/SUMMARY.md: OK
reports/evidence/EPOCH-BOOT/TASK_TRACKER_CHECK.txt: OK
reports/evidence/EPOCH-BOOT/TREE_DEPTH2.txt: OK
reports/evidence/EPOCH-BOOT/VERDICT.md: OK
reports/evidence/EPOCH-BOOT/gates/source_manifest_check.log: OK
reports/evidence/EPOCH-BOOT/gates/verify_binance.log: OK
reports/evidence/EPOCH-BOOT/gates/verify_core.log: OK
reports/evidence/EPOCH-BOOT/gates/verify_e2_multi.log: OK
reports/evidence/EPOCH-BOOT/gates/verify_e2_run1.log: OK
reports/evidence/EPOCH-BOOT/gates/verify_e2_run2.log: OK
reports/evidence/EPOCH-BOOT/gates/verify_epoch17.log: OK
reports/evidence/EPOCH-BOOT/gates/verify_epoch18.log: OK
reports/evidence/EPOCH-BOOT/gates/verify_epoch19.log: OK
reports/evidence/EPOCH-BOOT/gates/verify_epoch20.log: OK
reports/evidence/EPOCH-BOOT/gates/verify_epoch21.log: OK
reports/evidence/EPOCH-BOOT/gates/verify_integration.log: OK
reports/evidence/EPOCH-BOOT/gates/verify_monitoring_run1.log: OK
reports/evidence/EPOCH-BOOT/gates/verify_monitoring_run2.log: OK
reports/evidence/EPOCH-BOOT/gates/verify_paper_run1.log: OK
reports/evidence/EPOCH-BOOT/gates/verify_paper_run2.log: OK
reports/evidence/EPOCH-BOOT/gates/verify_phase2.log: OK
reports/evidence/EPOCH-BOOT/gates/verify_release_governor_run1.log: OK
reports/evidence/EPOCH-BOOT/gates/verify_release_governor_run2.log: OK
reports/evidence/EPOCH-BOOT/gates/verify_safety.log: OK
reports/evidence/EPOCH-BOOT/gates/verify_websocket.log: OK
reports/evidence/SPEC_REFACTOR/DIFF.patch: OK
reports/evidence/SPEC_REFACTOR/SUMMARY.md: OK
reports/hack_a2_base_report.json: OK
reports/hack_a2_hostile_report.json: OK
reports/hack_a2_optimistic_report.json: OK
reports/hack_a3_base_report.json: OK
reports/hack_a3_hostile_report.json: OK
reports/hack_a3_optimistic_report.json: OK
reports/hack_b1_base_report.json: OK
reports/hack_b1_hostile_report.json: OK
reports/hack_b1_optimistic_report.json: OK
reports/hack_b3_base_report.json: OK
reports/hack_b3_hostile_report.json: OK
reports/hack_b3_optimistic_report.json: OK
reports/monitoring_report.json: OK
reports/recon_report.json: OK
reports/runs/.gitkeep: OK
scripts/data/BinanceWSClient.mjs: OK
scripts/data/DataAgent.mjs: OK
scripts/data/PriceConfidence.mjs: OK
scripts/data/agent_demo.mjs: OK
scripts/data/binance_fetcher.mjs: OK
scripts/data/fetch_binance_history.mjs: OK
scripts/data/import_binance_klines_json.mjs: OK
scripts/data/import_ohlcv_csv.mjs: OK
scripts/data/live_price_demo.mjs: OK
scripts/export_validated.mjs: OK
scripts/ops/regen_manifests.mjs: OK
scripts/profit/OpportunityDetector.mjs: OK
scripts/profit/OpportunityHunter.mjs: OK
scripts/profit/ProfitCalculator.mjs: OK
scripts/profit/__tests__/treasure_engine.test.mjs: OK
scripts/profit/treasure_map_demo.mjs: OK
scripts/verify/adversarial_safety.mjs: OK
scripts/verify/agent_smoke.mjs: OK
scripts/verify/binance_smoke.mjs: OK
scripts/verify/confidence_score.test.mjs: OK
scripts/verify/config_check.mjs: OK
scripts/verify/court_stub.mjs: OK
scripts/verify/dataset_check.mjs: OK
scripts/verify/determinism.mjs: OK
scripts/verify/dryrun_live_e2e.mjs: OK
scripts/verify/e2_multi_seed.mjs: OK
scripts/verify/epoch07_integration.mjs: OK
scripts/verify/epoch08_integration.mjs: OK
scripts/verify/epoch09_integration.mjs: OK
scripts/verify/epoch09_integration.mjs.backup: OK
scripts/verify/epoch10_integration.mjs: OK
scripts/verify/epoch11_master_orchestrator.mjs: OK
scripts/verify/epoch22_ai_validation_harness.mjs: OK
scripts/verify/epoch23_signal_intent_contract_check.mjs: OK
scripts/verify/epochX_integration.mjs: OK
scripts/verify/events_schema_check.mjs: OK
scripts/verify/godtier_integration.mjs: OK
scripts/verify/governance_check.mjs: OK
scripts/verify/hacks_validate.mjs: OK
scripts/verify/json_schema_check.mjs: OK
scripts/verify/live_adapter_smoke.mjs: OK
scripts/verify/master_integration_e2e.mjs: OK
scripts/verify/monitoring_perf_check.mjs: OK
scripts/verify/paper_e2e.mjs: OK
scripts/verify/persist_idempotency.mjs: OK
scripts/verify/phase2_smoke.mjs: OK
scripts/verify/phase2_verify.mjs: OK
scripts/verify/release_governor_check.mjs: OK
scripts/verify/run_with_context.mjs: OK
scripts/verify/safety_gates_check.mjs: OK
scripts/verify/safety_integrated_executor_check.mjs: OK
scripts/verify/specs_check.mjs: OK
scripts/verify/strategy_check.mjs: OK
scripts/verify/truth.sh: OK
scripts/verify/truth_layer_check.mjs: OK
scripts/verify/verify_adversarial.mjs: OK
scripts/verify/verify_reality_gap.mjs: OK
scripts/verify/websocket_smoke.mjs: OK
spec/config.schema.json: OK
spec/hacks.json: OK
spec/ssot.json: OK
specs/CONSTRAINTS.md: OK
specs/DECISIONS.md: OK
specs/DETERMINISM_AUDIT.md: OK
specs/GATE_VALIDATION_MATRIX.md: OK
specs/PIPELINE.md: OK
specs/QUALITY_BAR.md: OK
specs/SPECS_QA_REPORT.md: OK
specs/SPEC_AUDIT_ASSUMPTIONS.md: OK
specs/SPEC_CONFLICTS.md: OK
specs/SSOT_INDEX.md: OK
specs/ai_determinism_baseline.json: OK
specs/epochs/EPOCH-17.md: OK
specs/epochs/EPOCH-17_EVIDENCE.md: OK
specs/epochs/EPOCH-17_GATES.md: OK
specs/epochs/EPOCH-17_TODO.md: OK
specs/epochs/EPOCH-17_safety_integrated_executor.md: OK
specs/epochs/EPOCH-18.md: OK
specs/epochs/EPOCH-18_EVIDENCE.md: OK
specs/epochs/EPOCH-18_GATES.md: OK
specs/epochs/EPOCH-18_TODO.md: OK
specs/epochs/EPOCH-18_strategy_layer.md: OK
specs/epochs/EPOCH-19.md: OK
specs/epochs/EPOCH-19_EVIDENCE.md: OK
specs/epochs/EPOCH-19_GATES.md: OK
specs/epochs/EPOCH-19_TODO.md: OK
specs/epochs/EPOCH-19_governance_mode_fsm.md: OK
specs/epochs/EPOCH-20.md: OK
specs/epochs/EPOCH-20_EVIDENCE.md: OK
specs/epochs/EPOCH-20_GATES.md: OK
specs/epochs/EPOCH-20_TODO.md: OK
specs/epochs/EPOCH-20_monitoring_perf.md: OK
specs/epochs/EPOCH-21.md: OK
specs/epochs/EPOCH-21_EVIDENCE.md: OK
specs/epochs/EPOCH-21_GATES.md: OK
specs/epochs/EPOCH-21_TODO.md: OK
specs/epochs/EPOCH-21_deployment_release.md: OK
specs/epochs/EPOCH-22.md: OK
specs/epochs/EPOCH-23.md: OK
specs/epochs/EPOCH-24.md: OK
specs/epochs/EPOCH-25.md: OK
specs/epochs/EPOCH-26.md: OK
specs/epochs/EPOCH_DEPENDENCY_GRAPH.md: OK
specs/epochs/INDEX.md: OK
specs/epochs/README.md: OK
specs/epochs/RELEASE_CHECKLIST_TEMPLATE.md: OK
specs/epochs/TEMPLATE.md: OK
truth/court_report.schema.json: OK
truth/eqs_report.schema.json: OK
truth/event.schema.json: OK
truth/events_report.schema.json: OK
truth/live_config.schema.json: OK
truth/monitoring_report.schema.json: OK
truth/recon_report.schema.json: OK
truth/sim_report.schema.json: OK
ui/ai_brain_visualizer.html: OK
ui/dashboard.html: OK
ui/generate_panel.mjs: OK
ui/panel.html: OK
