$ node -v
v20.19.6
$ npm -v
11.4.2
$ pwd
/workspace/Treasure_engine
$ ls -la
total 216
drwxr-xr-x 18 root root  4096 Feb 11 13:27 .
drwxr-xr-x  3 root root  4096 Feb 11 07:54 ..
drwxr-xr-x  8 root root  4096 Feb 11 13:27 .git
-rw-r--r--  1 root root   491 Feb 11 13:26 .gitignore
-rw-r--r--  1 root root  5368 Feb 11 07:54 AGENTS.md
drwxr-xr-x  2 root root  4096 Feb 11 07:54 EVIDENCE_PACK
-rw-r--r--  1 root root    96 Feb 11 13:26 EVIDENCE_PACK_EPOCH-17.tar.gz.sha256
-rw-r--r--  1 root root    96 Feb 11 13:26 EVIDENCE_PACK_EPOCH-18.tar.gz.sha256
-rw-r--r--  1 root root    96 Feb 11 13:26 EVIDENCE_PACK_EPOCH-19.tar.gz.sha256
-rw-r--r--  1 root root    96 Feb 11 13:26 EVIDENCE_PACK_EPOCH-21.tar.gz.sha256
-rw-r--r--  1 root root    98 Feb 11 13:26 EVIDENCE_PACK_EPOCH-BOOT.tar.gz.sha256
-rw-r--r--  1 root root    86 Feb 11 13:27 FINAL_VALIDATED.zip.sha256
-rw-r--r--  1 root root  1677 Feb 11 13:26 NEXT_EPOCH_PLAN.md
-rw-r--r--  1 root root 11768 Feb 11 07:54 QUICK_START.md
-rw-r--r--  1 root root  1907 Feb 11 13:26 README.md
-rw-r--r--  1 root root  1691 Feb 11 13:26 RUNBOOK.md
-rw-r--r--  1 root root  9654 Feb 11 07:54 RUNBOOK_OPERATIONS.md
-rw-r--r--  1 root root 28917 Feb 11 13:26 SDD_EPOCH_17_21.md
-rw-r--r--  1 root root  1847 Feb 11 13:26 TASK_TRACKER.md
-rw-r--r--  1 root root  2627 Feb 11 13:27 agents.md
drwxr-xr-x  3 root root  4096 Feb 11 07:54 artifacts
drwxr-xr-x 24 root root  4096 Feb 11 13:26 core
drwxr-xr-x  3 root root  4096 Feb 11 07:54 data
drwxr-xr-x  2 root root  4096 Feb 11 07:54 dataset
drwxr-xr-x  2 root root  4096 Feb 11 13:27 docs
drwxr-xr-x  4 root root  4096 Feb 11 07:54 evidence
drwxr-xr-x  2 root root  4096 Feb 11 07:54 examples
drwxr-xr-x 47 root root  4096 Feb 11 07:54 node_modules
-rw-r--r--  1 root root 19412 Feb 11 07:54 package-lock.json
-rw-r--r--  1 root root  6318 Feb 11 13:26 package.json
-rw-r--r--  1 root root  3186 Feb 11 07:54 package.json.bak
drwxr-xr-x 11 root root  4096 Feb 11 13:26 reports
drwxr-xr-x  7 root root  4096 Feb 11 13:27 scripts
drwxr-xr-x  2 root root  4096 Feb 11 07:54 spec
drwxr-xr-x  3 root root  4096 Feb 11 13:27 specs
drwxr-xr-x  2 root root  4096 Feb 11 13:26 truth
drwxr-xr-x  2 root root  4096 Feb 11 13:26 ui
$ git status -sb
## work
?? reports/evidence/EPOCH-AUTOPILOT-FINAL/
$ git rev-parse HEAD
afda7bbfbf11c19e9a7afd4e20eff84e828a25be
