reports/evidence/EPOCH-30-CLOSEOUT/ASSUMPTIONS.md: OK
reports/evidence/EPOCH-30-CLOSEOUT/CLEAN_CLONE/01_npm_ci.log: OK
reports/evidence/EPOCH-30-CLOSEOUT/CLEAN_CLONE/02_SKIP_CLEAN_CLONE_IN_WALL_1_npm_run_verify_wall.log: OK
reports/evidence/EPOCH-30-CLOSEOUT/GATE_PLAN.md: OK
reports/evidence/EPOCH-30-CLOSEOUT/INVENTORY.txt: OK
reports/evidence/EPOCH-30-CLOSEOUT/PREFLIGHT.log: OK
reports/evidence/EPOCH-30-CLOSEOUT/RISK_REGISTER.md: OK
reports/evidence/EPOCH-30-CLOSEOUT/SNAPSHOT.md: OK
reports/evidence/EPOCH-30-CLOSEOUT/SUMMARY.md: OK
reports/evidence/EPOCH-30-CLOSEOUT/VERDICT.md: OK
reports/evidence/EPOCH-30-CLOSEOUT/WALL_MARKERS.txt: OK
reports/evidence/EPOCH-30-CLOSEOUT/WALL_RESULT.json: OK
reports/evidence/EPOCH-30-CLOSEOUT/gates/01_npm_ci.log: OK
reports/evidence/EPOCH-30-CLOSEOUT/gates/02_npm_run_verify_specs.log: OK
reports/evidence/EPOCH-30-CLOSEOUT/gates/02_verify_specs_run1.log: OK
reports/evidence/EPOCH-30-CLOSEOUT/gates/03_npm_run_verify_specs.log: OK
reports/evidence/EPOCH-30-CLOSEOUT/gates/03_verify_specs_run2.log: OK
reports/evidence/EPOCH-30-CLOSEOUT/gates/04_npm_run_verify_paper.log: OK
reports/evidence/EPOCH-30-CLOSEOUT/gates/04_verify_wall.log: OK
reports/evidence/EPOCH-30-CLOSEOUT/gates/05_npm_run_verify_paper.log: OK
reports/evidence/EPOCH-30-CLOSEOUT/gates/05_release_governor_run1.log: OK
reports/evidence/EPOCH-30-CLOSEOUT/gates/06_npm_run_verify_e2.log: OK
reports/evidence/EPOCH-30-CLOSEOUT/gates/06_release_governor_run2.log: OK
reports/evidence/EPOCH-30-CLOSEOUT/gates/07_npm_run_verify_e2.log: OK
reports/evidence/EPOCH-30-CLOSEOUT/gates/07_regen_manifests.log: OK
reports/evidence/EPOCH-30-CLOSEOUT/gates/08_npm_run_verify_e2_multi.log: OK
reports/evidence/EPOCH-30-CLOSEOUT/gates/08_sha_source.log: OK
reports/evidence/EPOCH-30-CLOSEOUT/gates/09_npm_run_verify_paper_multi.log: OK
reports/evidence/EPOCH-30-CLOSEOUT/gates/09_sha_evidence.log: OK
reports/evidence/EPOCH-30-CLOSEOUT/gates/10_npm_run_verify_phase2.log: OK
reports/evidence/EPOCH-30-CLOSEOUT/gates/10_sha_export.log: OK
reports/evidence/EPOCH-30-CLOSEOUT/gates/11_export_validated.log: OK
reports/evidence/EPOCH-30-CLOSEOUT/gates/11_npm_run_verify_integration.log: OK
reports/evidence/EPOCH-30-CLOSEOUT/gates/12_npm_run_verify_core.log: OK
reports/evidence/EPOCH-30-CLOSEOUT/gates/12_verify_wall_rerun.log: OK
reports/evidence/EPOCH-30-CLOSEOUT/gates/13_npm_run_verify_epoch27.log: OK
reports/evidence/EPOCH-30-CLOSEOUT/gates/13_release_governor_rerun1.log: OK
reports/evidence/EPOCH-30-CLOSEOUT/gates/14_npm_run_verify_epoch28.log: OK
reports/evidence/EPOCH-30-CLOSEOUT/gates/14_release_governor_rerun2.log: OK
reports/evidence/EPOCH-30-CLOSEOUT/gates/15_npm_run_verify_epoch29.log: OK
reports/evidence/EPOCH-30-CLOSEOUT/gates/15_regen_manifests_rerun.log: FAILED
reports/evidence/EPOCH-30-CLOSEOUT/gates/16_npm_run_regen_manifests.log: OK
reports/evidence/EPOCH-30-CLOSEOUT/gates/16_npm_run_verify_clean_clone.log: OK
reports/evidence/EPOCH-30-CLOSEOUT/gates/17_sha256sum_c_reports_evidence_EPOCH_30_CLOSEOUT_SHA256SUMS_SOURCE_txt.log: OK
reports/evidence/EPOCH-30-CLOSEOUT/gates/18_sha256sum_c_reports_evidence_EPOCH_30_CLOSEOUT_SHA256SUMS_EVIDENCE_txt.log: OK
reports/evidence/EPOCH-30-CLOSEOUT/gates/verify_specs_run1.log: OK
reports/evidence/EPOCH-30-CLOSEOUT/gates/verify_specs_run2.log: OK
