npm warn Unknown env config "http-proxy". This will stop working in the next major version of npm.

> treasure-engine@1.0.0 verify:treasure
> node scripts/profit/__tests__/treasure_engine.test.mjs && npm run verify:golden

â”â”â”â”â”â”â”â”â”â”â”â”â”â”â”â”â”â”â”â”â”â”â”â”â”â”â”â”â”â”â”â”â”â”â”â”â”â”â”â”â”â”â”â”â”â”â”â”â”â”â”
TREASURE ENGINE PROFIT SYSTEM TESTS
â”â”â”â”â”â”â”â”â”â”â”â”â”â”â”â”â”â”â”â”â”â”â”â”â”â”â”â”â”â”â”â”â”â”â”â”â”â”â”â”â”â”â”â”â”â”â”â”â”â”â”

â”â”â” PROFIT/LOSS CALCULATION â”â”â”
âœ“ LONG gross PnL correct
âœ“ Fees/slippage reduce net PnL
âœ“ LONG trade is profitable
âœ“ SHORT gross PnL correct
âœ“ SHORT trade is profitable
âœ“ Losing trade identified

â”â”â” BREAK-EVEN CALCULATION â”â”â”
âœ“ Break-even price above entry
âœ“ Break-even price reasonable

â”â”â” TARGET EXIT CALCULATION â”â”â”
âœ“ Target exit accounts for ROI + costs
âœ“ Target exit reasonable

â”â”â” POSITION SIZING â”â”â”
âœ“ Risk amount is 1% of capital
âœ“ Price distance to stop correct
âœ“ Position size correct (100 / 2)

â”â”â” RISK/REWARD RATIO â”â”â”
âœ“ Reward distance correct
âœ“ Risk distance correct
âœ“ RR ratio correct (3:1)
âœ“ RR ratio acceptable (>=2:1)

â”â”â” FEE CONFIGURATION â”â”â”
âœ“ Custom maker fee set
âœ“ Custom taker fee set
âœ“ Custom slippage set

â”â”â” OPPORTUNITY DETECTOR INIT â”â”â”
âœ“ Min score configured
âœ“ Min profit configured
âœ“ Price history starts empty

â”â”â” PRICE HISTORY MANAGEMENT â”â”â”
âœ“ History trimmed to max size
âœ“ Oldest prices removed

â”â”â” OPPORTUNITY SCORING â”â”â”
âœ“ Excellent opportunity scores high
âœ“ Poor opportunity scores low

â”â”â” DETECTOR STATISTICS â”â”â”
âœ“ Stats include total detected
âœ“ Stats include recent count
âœ“ Stats include history size

â”â”â” OPPORTUNITY TYPES â”â”â”
âœ“ PRICE_SPIKE type exists
âœ“ VOLATILITY type exists
âœ“ TREND_REVERSAL type exists
âœ“ BREAKOUT type exists

â”â”â” EDGE CASES â”â”â”
âœ“ Throws on invalid side
âœ“ Throws on invalid stop loss
âœ“ No fees/slippage = gross equals net

â”â”â”â”â”â”â”â”â”â”â”â”â”â”â”â”â”â”â”â”â”â”â”â”â”â”â”â”â”â”â”â”â”â”â”â”â”â”â”â”â”â”â”â”â”â”â”â”â”â”â”
RESULTS
â”â”â”â”â”â”â”â”â”â”â”â”â”â”â”â”â”â”â”â”â”â”â”â”â”â”â”â”â”â”â”â”â”â”â”â”â”â”â”â”â”â”â”â”â”â”â”â”â”â”â”
âœ“ PASSED: 37
âœ— FAILED: 0
â”â”â”â”â”â”â”â”â”â”â”â”â”â”â”â”â”â”â”â”â”â”â”â”â”â”â”â”â”â”â”â”â”â”â”â”â”â”â”â”â”â”â”â”â”â”â”â”â”â”â”

âœ“ All treasure engine tests passed

ðŸ’° TREASURE ENGINE CAPABILITIES VERIFIED:
   âœ“ Profit/loss calculations (with fees/slippage)
   âœ“ Risk/reward analysis
   âœ“ Position sizing
   âœ“ Break-even calculations
   âœ“ Opportunity detection
   âœ“ Opportunity scoring

npm warn Unknown env config "http-proxy". This will stop working in the next major version of npm.

> treasure-engine@1.0.0 verify:golden
> node scripts/verify/golden_vectors_check.mjs

verify:golden PASSED
{
  "vectors": 3,
  "mismatches": 0
}
