$ sha256sum -c reports/evidence/EPOCH-EDGE-RC-STRICT-01/SHA256SUMS.EVIDENCE.txt
reports/evidence/EPOCH-EDGE-RC-STRICT-01/ASSUMPTIONS.md: OK
reports/evidence/EPOCH-EDGE-RC-STRICT-01/CLEAN_CLONE/01_npm_ci.log: OK
reports/evidence/EPOCH-EDGE-RC-STRICT-01/CLEAN_CLONE/02_npm_run_export_validated.log: OK
reports/evidence/EPOCH-EDGE-RC-STRICT-01/CLEAN_CLONE/03_SKIP_CLEAN_CLONE_IN_WALL_1_SKIP_SHA_CHECKS_IN_WALL_1_npm_run_verify_wall.log: OK
reports/evidence/EPOCH-EDGE-RC-STRICT-01/CLEAN_CLONE/04_npm_run_verify_release_governor.log: OK
reports/evidence/EPOCH-EDGE-RC-STRICT-01/CLEAN_CLONE/05_npm_run_verify_release_governor.log: OK
reports/evidence/EPOCH-EDGE-RC-STRICT-01/CLEAN_CLONE/CLEAN_CLONE.OK: OK
reports/evidence/EPOCH-EDGE-RC-STRICT-01/GATE_PLAN.md: OK
reports/evidence/EPOCH-EDGE-RC-STRICT-01/INSTALL.log: OK
reports/evidence/EPOCH-EDGE-RC-STRICT-01/PREFLIGHT.log: OK
reports/evidence/EPOCH-EDGE-RC-STRICT-01/RISK_REGISTER.md: OK
reports/evidence/EPOCH-EDGE-RC-STRICT-01/SNAPSHOT.md: OK
reports/evidence/EPOCH-EDGE-RC-STRICT-01/SUMMARY.md: OK
reports/evidence/EPOCH-EDGE-RC-STRICT-01/VERDICT.md: OK
reports/evidence/EPOCH-EDGE-RC-STRICT-01/epoch31/CHECKSUMS.sha256: OK
reports/evidence/EPOCH-EDGE-RC-STRICT-01/epoch31/CONTRACT_OUTPUTS.json: OK
reports/evidence/EPOCH-EDGE-RC-STRICT-01/epoch31/FEATURE_CONTRACTS.md: OK
reports/evidence/EPOCH-EDGE-RC-STRICT-01/epoch31/FINGERPRINT_RULES.md: OK
reports/evidence/EPOCH-EDGE-RC-STRICT-01/epoch31/LOOKAHEAD_SENTINEL_PLAN.md: OK
reports/evidence/EPOCH-EDGE-RC-STRICT-01/epoch31/NO_DIRTY_VERIFY.status: OK
reports/evidence/EPOCH-EDGE-RC-STRICT-01/epoch31/PIT_QUERY_PROOF.json: OK
reports/evidence/EPOCH-EDGE-RC-STRICT-01/epoch31/PREFLIGHT.log: OK
reports/evidence/EPOCH-EDGE-RC-STRICT-01/epoch31/SNAPSHOT.md: OK
reports/evidence/EPOCH-EDGE-RC-STRICT-01/epoch31/SUMMARY.md: OK
reports/evidence/EPOCH-EDGE-RC-STRICT-01/epoch31/VERDICT.md: OK
reports/evidence/EPOCH-EDGE-RC-STRICT-01/epoch32/CHECKSUMS.sha256: OK
reports/evidence/EPOCH-EDGE-RC-STRICT-01/epoch32/CONTRACT_OUTPUTS.json: OK
reports/evidence/EPOCH-EDGE-RC-STRICT-01/epoch32/FINGERPRINT_POLICY.md: OK
reports/evidence/EPOCH-EDGE-RC-STRICT-01/epoch32/GATE_PLAN.md: OK
reports/evidence/EPOCH-EDGE-RC-STRICT-01/epoch32/NO_DIRTY_VERIFY.status: OK
reports/evidence/EPOCH-EDGE-RC-STRICT-01/epoch32/PREFLIGHT.log: OK
reports/evidence/EPOCH-EDGE-RC-STRICT-01/epoch32/SNAPSHOT.md: OK
reports/evidence/EPOCH-EDGE-RC-STRICT-01/epoch32/SPEC_CONTRACTS.md: OK
reports/evidence/EPOCH-EDGE-RC-STRICT-01/epoch32/SUMMARY.md: OK
reports/evidence/EPOCH-EDGE-RC-STRICT-01/epoch32/VERDICT.md: OK
reports/evidence/EPOCH-EDGE-RC-STRICT-01/epoch33/CHECKSUMS.sha256: OK
reports/evidence/EPOCH-EDGE-RC-STRICT-01/epoch33/CONTRACT_OUTPUTS.json: OK
reports/evidence/EPOCH-EDGE-RC-STRICT-01/epoch33/FINGERPRINT_POLICY.md: OK
reports/evidence/EPOCH-EDGE-RC-STRICT-01/epoch33/GATE_PLAN.md: OK
reports/evidence/EPOCH-EDGE-RC-STRICT-01/epoch33/NO_DIRTY_VERIFY.status: OK
reports/evidence/EPOCH-EDGE-RC-STRICT-01/epoch33/PREFLIGHT.log: OK
reports/evidence/EPOCH-EDGE-RC-STRICT-01/epoch33/SNAPSHOT.md: OK
reports/evidence/EPOCH-EDGE-RC-STRICT-01/epoch33/SPEC_CONTRACTS.md: OK
reports/evidence/EPOCH-EDGE-RC-STRICT-01/epoch33/SUMMARY.md: OK
reports/evidence/EPOCH-EDGE-RC-STRICT-01/epoch33/VERDICT.md: OK
reports/evidence/EPOCH-EDGE-RC-STRICT-01/epoch34/CHECKSUMS.sha256: OK
reports/evidence/EPOCH-EDGE-RC-STRICT-01/epoch34/CONTRACT_OUTPUTS.json: OK
reports/evidence/EPOCH-EDGE-RC-STRICT-01/epoch34/FINGERPRINT_POLICY.md: OK
reports/evidence/EPOCH-EDGE-RC-STRICT-01/epoch34/GATE_PLAN.md: OK
reports/evidence/EPOCH-EDGE-RC-STRICT-01/epoch34/NO_DIRTY_VERIFY.status: OK
reports/evidence/EPOCH-EDGE-RC-STRICT-01/epoch34/PREFLIGHT.log: OK
reports/evidence/EPOCH-EDGE-RC-STRICT-01/epoch34/SNAPSHOT.md: OK
reports/evidence/EPOCH-EDGE-RC-STRICT-01/epoch34/SPEC_CONTRACTS.md: OK
reports/evidence/EPOCH-EDGE-RC-STRICT-01/epoch34/SUMMARY.md: OK
reports/evidence/EPOCH-EDGE-RC-STRICT-01/epoch34/VERDICT.md: OK
reports/evidence/EPOCH-EDGE-RC-STRICT-01/epoch35/CHECKSUMS.sha256: OK
reports/evidence/EPOCH-EDGE-RC-STRICT-01/epoch35/CONTRACT_OUTPUTS.json: OK
reports/evidence/EPOCH-EDGE-RC-STRICT-01/epoch35/FINGERPRINT_POLICY.md: OK
reports/evidence/EPOCH-EDGE-RC-STRICT-01/epoch35/GATE_PLAN.md: OK
reports/evidence/EPOCH-EDGE-RC-STRICT-01/epoch35/NO_DIRTY_VERIFY.status: OK
reports/evidence/EPOCH-EDGE-RC-STRICT-01/epoch35/PREFLIGHT.log: OK
reports/evidence/EPOCH-EDGE-RC-STRICT-01/epoch35/SNAPSHOT.md: OK
reports/evidence/EPOCH-EDGE-RC-STRICT-01/epoch35/SPEC_CONTRACTS.md: OK
reports/evidence/EPOCH-EDGE-RC-STRICT-01/epoch35/SUMMARY.md: OK
reports/evidence/EPOCH-EDGE-RC-STRICT-01/epoch35/VERDICT.md: OK
reports/evidence/EPOCH-EDGE-RC-STRICT-01/epoch36/CHECKSUMS.sha256: OK
reports/evidence/EPOCH-EDGE-RC-STRICT-01/epoch36/CONTRACT_OUTPUTS.json: OK
reports/evidence/EPOCH-EDGE-RC-STRICT-01/epoch36/FINGERPRINT_POLICY.md: OK
reports/evidence/EPOCH-EDGE-RC-STRICT-01/epoch36/GATE_PLAN.md: OK
reports/evidence/EPOCH-EDGE-RC-STRICT-01/epoch36/NO_DIRTY_VERIFY.status: OK
reports/evidence/EPOCH-EDGE-RC-STRICT-01/epoch36/PREFLIGHT.log: OK
reports/evidence/EPOCH-EDGE-RC-STRICT-01/epoch36/SNAPSHOT.md: OK
reports/evidence/EPOCH-EDGE-RC-STRICT-01/epoch36/SPEC_CONTRACTS.md: OK
reports/evidence/EPOCH-EDGE-RC-STRICT-01/epoch36/SUMMARY.md: OK
reports/evidence/EPOCH-EDGE-RC-STRICT-01/epoch36/VERDICT.md: OK
reports/evidence/EPOCH-EDGE-RC-STRICT-01/epoch37/CHECKSUMS.sha256: OK
reports/evidence/EPOCH-EDGE-RC-STRICT-01/epoch37/CONTRACT_OUTPUTS.json: OK
reports/evidence/EPOCH-EDGE-RC-STRICT-01/epoch37/FINGERPRINT_POLICY.md: OK
reports/evidence/EPOCH-EDGE-RC-STRICT-01/epoch37/GATE_PLAN.md: OK
reports/evidence/EPOCH-EDGE-RC-STRICT-01/epoch37/NO_DIRTY_VERIFY.status: OK
reports/evidence/EPOCH-EDGE-RC-STRICT-01/epoch37/PREFLIGHT.log: OK
reports/evidence/EPOCH-EDGE-RC-STRICT-01/epoch37/SNAPSHOT.md: OK
reports/evidence/EPOCH-EDGE-RC-STRICT-01/epoch37/SPEC_CONTRACTS.md: OK
reports/evidence/EPOCH-EDGE-RC-STRICT-01/epoch37/SUMMARY.md: OK
reports/evidence/EPOCH-EDGE-RC-STRICT-01/epoch37/VERDICT.md: OK
reports/evidence/EPOCH-EDGE-RC-STRICT-01/epoch38/CHECKSUMS.sha256: OK
reports/evidence/EPOCH-EDGE-RC-STRICT-01/epoch38/CONTRACT_OUTPUTS.json: OK
reports/evidence/EPOCH-EDGE-RC-STRICT-01/epoch38/FINGERPRINT_POLICY.md: OK
reports/evidence/EPOCH-EDGE-RC-STRICT-01/epoch38/GATE_PLAN.md: OK
reports/evidence/EPOCH-EDGE-RC-STRICT-01/epoch38/NO_DIRTY_VERIFY.status: OK
reports/evidence/EPOCH-EDGE-RC-STRICT-01/epoch38/PREFLIGHT.log: OK
reports/evidence/EPOCH-EDGE-RC-STRICT-01/epoch38/SNAPSHOT.md: OK
reports/evidence/EPOCH-EDGE-RC-STRICT-01/epoch38/SPEC_CONTRACTS.md: OK
reports/evidence/EPOCH-EDGE-RC-STRICT-01/epoch38/SUMMARY.md: OK
reports/evidence/EPOCH-EDGE-RC-STRICT-01/epoch38/VERDICT.md: OK
reports/evidence/EPOCH-EDGE-RC-STRICT-01/epoch39/CHECKSUMS.sha256: OK
reports/evidence/EPOCH-EDGE-RC-STRICT-01/epoch39/CONTRACT_OUTPUTS.json: OK
reports/evidence/EPOCH-EDGE-RC-STRICT-01/epoch39/EXPECTED_FAILURE.md: OK
reports/evidence/EPOCH-EDGE-RC-STRICT-01/epoch39/FINGERPRINT_POLICY.md: OK
reports/evidence/EPOCH-EDGE-RC-STRICT-01/epoch39/GATE_PLAN.md: OK
reports/evidence/EPOCH-EDGE-RC-STRICT-01/epoch39/NO_DIRTY_VERIFY.status: OK
reports/evidence/EPOCH-EDGE-RC-STRICT-01/epoch39/PREFLIGHT.log: OK
reports/evidence/EPOCH-EDGE-RC-STRICT-01/epoch39/SNAPSHOT.md: OK
reports/evidence/EPOCH-EDGE-RC-STRICT-01/epoch39/SPEC_CONTRACTS.md: OK
reports/evidence/EPOCH-EDGE-RC-STRICT-01/epoch39/SUMMARY.md: OK
reports/evidence/EPOCH-EDGE-RC-STRICT-01/epoch39/VERDICT.md: OK
reports/evidence/EPOCH-EDGE-RC-STRICT-01/epoch40/CHECKSUMS.sha256: OK
reports/evidence/EPOCH-EDGE-RC-STRICT-01/epoch40/CLEAN_CLONE_PROOF.md: OK
reports/evidence/EPOCH-EDGE-RC-STRICT-01/epoch40/CONTRACT_OUTPUTS.json: OK
reports/evidence/EPOCH-EDGE-RC-STRICT-01/epoch40/FINGERPRINT_POLICY.md: OK
reports/evidence/EPOCH-EDGE-RC-STRICT-01/epoch40/GATE_PLAN.md: OK
reports/evidence/EPOCH-EDGE-RC-STRICT-01/epoch40/NO_DIRTY_VERIFY.status: OK
reports/evidence/EPOCH-EDGE-RC-STRICT-01/epoch40/PREFLIGHT.log: OK
reports/evidence/EPOCH-EDGE-RC-STRICT-01/epoch40/SNAPSHOT.md: OK
reports/evidence/EPOCH-EDGE-RC-STRICT-01/epoch40/SPEC_CONTRACTS.md: OK
reports/evidence/EPOCH-EDGE-RC-STRICT-01/epoch40/SUMMARY.md: OK
reports/evidence/EPOCH-EDGE-RC-STRICT-01/epoch40/VERDICT.md: OK
reports/evidence/EPOCH-EDGE-RC-STRICT-01/epoch40/clean_clone/HASHES.sha256: OK
reports/evidence/EPOCH-EDGE-RC-STRICT-01/epoch40/clean_clone/aggregate_compare.txt: OK
reports/evidence/EPOCH-EDGE-RC-STRICT-01/vectors/epoch31.FeatureFrame.actual.json: OK
reports/evidence/EPOCH-EDGE-RC-STRICT-01/vectors/epoch32.SimReport.actual.json: OK
reports/evidence/EPOCH-EDGE-RC-STRICT-01/vectors/epoch33.StrategySpec.actual.json: OK
reports/evidence/EPOCH-EDGE-RC-STRICT-01/vectors/epoch34.Intent.actual.json: OK
reports/evidence/EPOCH-EDGE-RC-STRICT-01/vectors/epoch34.Signal.actual.json: OK
reports/evidence/EPOCH-EDGE-RC-STRICT-01/vectors/epoch35.AllocationPlan.actual.json: OK
reports/evidence/EPOCH-EDGE-RC-STRICT-01/vectors/epoch36.RiskDecision.actual.json: OK
reports/evidence/EPOCH-EDGE-RC-STRICT-01/vectors/epoch38.RealityGapReport.actual.json: OK
reports/evidence/EPOCH-EDGE-RC-STRICT-01/vectors/epoch39.CanaryPhaseState.actual.json: OK
reports/evidence/EPOCH-EDGE-RC-STRICT-01/vectors/epoch39.ShadowEvent.actual.json: OK
reports/evidence/EPOCH-EDGE-RC-STRICT-01/vectors/epoch40.CertificationReport.actual.json: OK
reports/evidence/EPOCH-EDGE-RC-STRICT-01/verify_edge/clean_clone_run1.log: OK
reports/evidence/EPOCH-EDGE-RC-STRICT-01/verify_edge/verify_edge_no_dirty_run1.status: OK
reports/evidence/EPOCH-EDGE-RC-STRICT-01/verify_edge/verify_edge_summary_run1.json: OK
reports/evidence/EPOCH-EDGE-RC-STRICT-01/verify_edge/verify_edge_summary_run1.md: OK
