
> treasure-engine@1.0.0 verify:wall
> node scripts/verify/wall.mjs

verify:wall using EVIDENCE_EPOCH=EPOCH-30-CLOSEOUT-STRONG

$ npm ci

$ npm run verify:specs

$ npm run verify:specs

$ npm run verify:paper

$ npm run verify:paper

$ npm run verify:e2

$ npm run verify:e2

$ npm run verify:e2:multi

$ npm run verify:paper:multi

$ npm run verify:phase2

$ npm run verify:integration

$ npm run verify:core

$ npm run verify:epoch27

$ npm run verify:epoch28

$ npm run verify:epoch29

$ npm run verify:clean-clone

$ npm run export:validated

$ npm run regen:manifests

$ sha256sum -c reports/evidence/EPOCH-30-CLOSEOUT-STRONG/SHA256SUMS.SOURCE.txt

$ sha256sum -c reports/evidence/EPOCH-30-CLOSEOUT-STRONG/SHA256SUMS.EVIDENCE.txt

$ sha256sum -c reports/evidence/EPOCH-30-CLOSEOUT-STRONG/SHA256SUMS.EXPORT.txt
