npm warn Unknown env config "http-proxy". This will stop working in the next major version of npm.

> treasure-engine@1.0.0 verify:epochs:freeze
> node scripts/verify/epoch_freeze_regression.mjs

pack:verify PASSED for EPOCH-55
✓ frontier report generated with bounded grid and top-k
✓ determinism x2 frontier fingerprint invariant
✓ frontier entries include params + metrics
PASS verify:epoch55 checks=3
freeze PASS EPOCH-55
pack:verify PASSED for EPOCH-56
✓ fitness v2 non-constant across scenarios
✓ fitness v2 emits required per-scenario metrics
✓ vault policy strict expected-fail enforced for tuning sweep
✓ pause-recover deterministic x2 fingerprint invariant
✓ pause-recover transition trace generated
✓ hard stop remains enforced during recovery
✓ recovery flow does not submit any action
PASS verify:epoch56 checks=7
freeze PASS EPOCH-56
verify:epochs:freeze PASSED (epochs=2)
