reports/evidence/EPOCH-30-CLOSEOUT-FINAL/ASSUMPTIONS.md: OK
reports/evidence/EPOCH-30-CLOSEOUT-FINAL/CLEAN_CLONE/01_npm_ci.log: OK
reports/evidence/EPOCH-30-CLOSEOUT-FINAL/CLEAN_CLONE/02_SKIP_CLEAN_CLONE_IN_WALL_1_SKIP_SHA_CHECKS_IN_WALL_1_npm_run_verify_wall.log: OK
reports/evidence/EPOCH-30-CLOSEOUT-FINAL/CLEAN_CLONE/03_npm_run_verify_release_governor.log: OK
reports/evidence/EPOCH-30-CLOSEOUT-FINAL/CLEAN_CLONE/04_npm_run_verify_release_governor.log: OK
reports/evidence/EPOCH-30-CLOSEOUT-FINAL/CLEAN_CLONE/CLEAN_CLONE.OK: OK
reports/evidence/EPOCH-30-CLOSEOUT-FINAL/GATE_PLAN.md: OK
reports/evidence/EPOCH-30-CLOSEOUT-FINAL/INSTALL.log: OK
reports/evidence/EPOCH-30-CLOSEOUT-FINAL/INVENTORY.txt: OK
reports/evidence/EPOCH-30-CLOSEOUT-FINAL/LOGS/export_validated_final.log: OK
reports/evidence/EPOCH-30-CLOSEOUT-FINAL/LOGS/export_validated_prestep5.log: OK
reports/evidence/EPOCH-30-CLOSEOUT-FINAL/LOGS/regen_manifests.log: FAILED
reports/evidence/EPOCH-30-CLOSEOUT-FINAL/LOGS/sha_evidence_check.log: FAILED
reports/evidence/EPOCH-30-CLOSEOUT-FINAL/LOGS/sha_export_check.log: OK
reports/evidence/EPOCH-30-CLOSEOUT-FINAL/LOGS/sha_source_check.log: OK
reports/evidence/EPOCH-30-CLOSEOUT-FINAL/LOGS/verify_clean_clone.log: OK
reports/evidence/EPOCH-30-CLOSEOUT-FINAL/LOGS/verify_release_governor_run1.log: OK
reports/evidence/EPOCH-30-CLOSEOUT-FINAL/LOGS/verify_release_governor_run2.log: OK
reports/evidence/EPOCH-30-CLOSEOUT-FINAL/LOGS/verify_specs_run1.log: OK
reports/evidence/EPOCH-30-CLOSEOUT-FINAL/LOGS/verify_specs_run2.log: OK
reports/evidence/EPOCH-30-CLOSEOUT-FINAL/LOGS/verify_wall.log: OK
reports/evidence/EPOCH-30-CLOSEOUT-FINAL/PREFLIGHT.log: OK
reports/evidence/EPOCH-30-CLOSEOUT-FINAL/RISK_REGISTER.md: OK
reports/evidence/EPOCH-30-CLOSEOUT-FINAL/SNAPSHOT.md: OK
reports/evidence/EPOCH-30-CLOSEOUT-FINAL/SUMMARY.md: OK
reports/evidence/EPOCH-30-CLOSEOUT-FINAL/VERDICT.md: OK
