$ sha256sum -c reports/evidence/EPOCH-EDGE-IMPL-MEGA-31-40-1/SHA256SUMS.EVIDENCE.txt
reports/evidence/EPOCH-EDGE-IMPL-MEGA-31-40-1/ASSUMPTIONS.md: OK
reports/evidence/EPOCH-EDGE-IMPL-MEGA-31-40-1/CLEAN_CLONE/01_npm_ci.log: OK
reports/evidence/EPOCH-EDGE-IMPL-MEGA-31-40-1/CLEAN_CLONE/02_npm_run_export_validated.log: OK
reports/evidence/EPOCH-EDGE-IMPL-MEGA-31-40-1/GATE_PLAN.md: OK
reports/evidence/EPOCH-EDGE-IMPL-MEGA-31-40-1/PREFLIGHT.log: OK
reports/evidence/EPOCH-EDGE-IMPL-MEGA-31-40-1/RISK_REGISTER.md: OK
reports/evidence/EPOCH-EDGE-IMPL-MEGA-31-40-1/SNAPSHOT.md: OK
reports/evidence/EPOCH-EDGE-IMPL-MEGA-31-40-1/SUMMARY.md: OK
reports/evidence/EPOCH-EDGE-IMPL-MEGA-31-40-1/VERDICT.md: OK
reports/evidence/EPOCH-EDGE-IMPL-MEGA-31-40-1/epoch31/CHECKSUMS.sha256: OK
reports/evidence/EPOCH-EDGE-IMPL-MEGA-31-40-1/epoch31/FEATURE_CONTRACTS.md: OK
reports/evidence/EPOCH-EDGE-IMPL-MEGA-31-40-1/epoch31/FINGERPRINT_RULES.md: OK
reports/evidence/EPOCH-EDGE-IMPL-MEGA-31-40-1/epoch31/GATE_PLAN.md: OK
reports/evidence/EPOCH-EDGE-IMPL-MEGA-31-40-1/epoch31/LOOKAHEAD_SENTINEL_PLAN.md: OK
reports/evidence/EPOCH-EDGE-IMPL-MEGA-31-40-1/epoch31/SNAPSHOT.md: OK
reports/evidence/EPOCH-EDGE-IMPL-MEGA-31-40-1/epoch31/VERDICT.md: OK
reports/evidence/EPOCH-EDGE-IMPL-MEGA-31-40-1/epoch32/CHECKSUMS.sha256: OK
reports/evidence/EPOCH-EDGE-IMPL-MEGA-31-40-1/epoch32/GATE_PLAN.md: OK
reports/evidence/EPOCH-EDGE-IMPL-MEGA-31-40-1/epoch32/SNAPSHOT.md: OK
reports/evidence/EPOCH-EDGE-IMPL-MEGA-31-40-1/epoch32/VERDICT.md: OK
reports/evidence/EPOCH-EDGE-IMPL-MEGA-31-40-1/epoch33/CHECKSUMS.sha256: OK
reports/evidence/EPOCH-EDGE-IMPL-MEGA-31-40-1/epoch33/GATE_PLAN.md: OK
reports/evidence/EPOCH-EDGE-IMPL-MEGA-31-40-1/epoch33/SNAPSHOT.md: OK
reports/evidence/EPOCH-EDGE-IMPL-MEGA-31-40-1/epoch33/VERDICT.md: OK
reports/evidence/EPOCH-EDGE-IMPL-MEGA-31-40-1/epoch34/CHECKSUMS.sha256: OK
reports/evidence/EPOCH-EDGE-IMPL-MEGA-31-40-1/epoch34/GATE_PLAN.md: OK
reports/evidence/EPOCH-EDGE-IMPL-MEGA-31-40-1/epoch34/SNAPSHOT.md: OK
reports/evidence/EPOCH-EDGE-IMPL-MEGA-31-40-1/epoch34/VERDICT.md: OK
reports/evidence/EPOCH-EDGE-IMPL-MEGA-31-40-1/epoch35/CHECKSUMS.sha256: OK
reports/evidence/EPOCH-EDGE-IMPL-MEGA-31-40-1/epoch35/GATE_PLAN.md: OK
reports/evidence/EPOCH-EDGE-IMPL-MEGA-31-40-1/epoch35/SNAPSHOT.md: OK
reports/evidence/EPOCH-EDGE-IMPL-MEGA-31-40-1/epoch35/VERDICT.md: OK
reports/evidence/EPOCH-EDGE-IMPL-MEGA-31-40-1/epoch36/CHECKSUMS.sha256: OK
reports/evidence/EPOCH-EDGE-IMPL-MEGA-31-40-1/epoch36/GATE_PLAN.md: OK
reports/evidence/EPOCH-EDGE-IMPL-MEGA-31-40-1/epoch36/SNAPSHOT.md: OK
reports/evidence/EPOCH-EDGE-IMPL-MEGA-31-40-1/epoch36/VERDICT.md: OK
reports/evidence/EPOCH-EDGE-IMPL-MEGA-31-40-1/epoch37/CHECKSUMS.sha256: OK
reports/evidence/EPOCH-EDGE-IMPL-MEGA-31-40-1/epoch37/GATE_PLAN.md: OK
reports/evidence/EPOCH-EDGE-IMPL-MEGA-31-40-1/epoch37/SNAPSHOT.md: OK
reports/evidence/EPOCH-EDGE-IMPL-MEGA-31-40-1/epoch37/VERDICT.md: OK
reports/evidence/EPOCH-EDGE-IMPL-MEGA-31-40-1/epoch38/CHECKSUMS.sha256: OK
reports/evidence/EPOCH-EDGE-IMPL-MEGA-31-40-1/epoch38/GATE_PLAN.md: OK
reports/evidence/EPOCH-EDGE-IMPL-MEGA-31-40-1/epoch38/SNAPSHOT.md: OK
reports/evidence/EPOCH-EDGE-IMPL-MEGA-31-40-1/epoch38/VERDICT.md: OK
reports/evidence/EPOCH-EDGE-IMPL-MEGA-31-40-1/epoch39/CHECKSUMS.sha256: OK
reports/evidence/EPOCH-EDGE-IMPL-MEGA-31-40-1/epoch39/GATE_PLAN.md: OK
reports/evidence/EPOCH-EDGE-IMPL-MEGA-31-40-1/epoch39/SNAPSHOT.md: OK
reports/evidence/EPOCH-EDGE-IMPL-MEGA-31-40-1/epoch39/VERDICT.md: OK
reports/evidence/EPOCH-EDGE-IMPL-MEGA-31-40-1/epoch40/CHECKSUMS.sha256: OK
reports/evidence/EPOCH-EDGE-IMPL-MEGA-31-40-1/epoch40/CLEAN_CLONE.log: OK
reports/evidence/EPOCH-EDGE-IMPL-MEGA-31-40-1/epoch40/GATE_PLAN.md: OK
reports/evidence/EPOCH-EDGE-IMPL-MEGA-31-40-1/epoch40/SNAPSHOT.md: OK
reports/evidence/EPOCH-EDGE-IMPL-MEGA-31-40-1/epoch40/VERDICT.md: OK
reports/evidence/EPOCH-EDGE-IMPL-MEGA-31-40-1/mega/verify_epoch31.log: OK
reports/evidence/EPOCH-EDGE-IMPL-MEGA-31-40-1/mega/verify_epoch32.log: OK
reports/evidence/EPOCH-EDGE-IMPL-MEGA-31-40-1/mega/verify_epoch33.log: OK
reports/evidence/EPOCH-EDGE-IMPL-MEGA-31-40-1/mega/verify_epoch34.log: OK
reports/evidence/EPOCH-EDGE-IMPL-MEGA-31-40-1/mega/verify_epoch35.log: OK
reports/evidence/EPOCH-EDGE-IMPL-MEGA-31-40-1/mega/verify_epoch36.log: OK
reports/evidence/EPOCH-EDGE-IMPL-MEGA-31-40-1/mega/verify_epoch37.log: OK
reports/evidence/EPOCH-EDGE-IMPL-MEGA-31-40-1/mega/verify_epoch38.log: OK
reports/evidence/EPOCH-EDGE-IMPL-MEGA-31-40-1/mega/verify_epoch39.log: OK
reports/evidence/EPOCH-EDGE-IMPL-MEGA-31-40-1/mega/verify_epoch40.log: OK
