$ sha256sum -c reports/evidence/EPOCH-30-FINAL/SHA256SUMS.EVIDENCE.txt
reports/evidence/EPOCH-30-FINAL/ASSUMPTIONS.md: OK
reports/evidence/EPOCH-30-FINAL/GATE_PLAN.md: OK
reports/evidence/EPOCH-30-FINAL/INSTALL.log: OK
reports/evidence/EPOCH-30-FINAL/INVENTORY.txt: OK
reports/evidence/EPOCH-30-FINAL/PREFLIGHT.log: OK
reports/evidence/EPOCH-30-FINAL/RISK_REGISTER.md: OK
reports/evidence/EPOCH-30-FINAL/SNAPSHOT.md: OK
reports/evidence/EPOCH-30-FINAL/gates/01_verify_specs_1.log: OK
reports/evidence/EPOCH-30-FINAL/gates/02_verify_specs_2.log: OK
reports/evidence/EPOCH-30-FINAL/gates/03_verify_paper_1.log: OK
reports/evidence/EPOCH-30-FINAL/gates/04_verify_paper_2.log: OK
reports/evidence/EPOCH-30-FINAL/gates/05_verify_e2_1.log: OK
reports/evidence/EPOCH-30-FINAL/gates/06_verify_e2_2.log: OK
reports/evidence/EPOCH-30-FINAL/gates/07_verify_e2_multi.log: OK
reports/evidence/EPOCH-30-FINAL/gates/08_verify_paper_multi.log: OK
reports/evidence/EPOCH-30-FINAL/gates/09_verify_phase2.log: OK
reports/evidence/EPOCH-30-FINAL/gates/10_verify_integration.log: OK
reports/evidence/EPOCH-30-FINAL/gates/11_verify_core.log: OK
reports/evidence/EPOCH-30-FINAL/gates/12_verify_epoch17.log: OK
reports/evidence/EPOCH-30-FINAL/gates/13_verify_epoch18.log: OK
reports/evidence/EPOCH-30-FINAL/gates/14_verify_epoch19.log: OK
reports/evidence/EPOCH-30-FINAL/gates/15_verify_epoch20.log: OK
reports/evidence/EPOCH-30-FINAL/gates/16_verify_epoch21.log: OK
reports/evidence/EPOCH-30-FINAL/gates/17_verify_epoch22.log: OK
reports/evidence/EPOCH-30-FINAL/gates/18_verify_epoch23.log: OK
reports/evidence/EPOCH-30-FINAL/gates/19_verify_epoch24.log: OK
reports/evidence/EPOCH-30-FINAL/gates/20_verify_epoch25.log: OK
reports/evidence/EPOCH-30-FINAL/gates/21_verify_epoch26.log: OK
reports/evidence/EPOCH-30-FINAL/gates/22_verify_epoch27.log: OK
reports/evidence/EPOCH-30-FINAL/gates/23_verify_epoch28.log: OK
reports/evidence/EPOCH-30-FINAL/gates/24_verify_epoch29.log: OK
reports/evidence/EPOCH-30-FINAL/gates/26_verify_wall.log: OK
reports/evidence/EPOCH-30-FINAL/manifests_regen.log: OK
