npm warn Unknown env config "http-proxy". This will stop working in the next major version of npm.

> treasure-engine@1.0.0 verify:specs
> npm run verify:ssot && node scripts/verify/specs_check.mjs && npm run verify:wow && npm run verify:kb && npm run verify:passports && npm run verify:ledger && npm run verify:repo

npm warn Unknown env config "http-proxy". This will stop working in the next major version of npm.

> treasure-engine@1.0.0 verify:ssot
> node scripts/verify/ssot_check.mjs

verify:ssot PASSED (epochs=1..60)
verify:specs PASSED
Validated 68 required files in /workspace/Treasure_engine
npm warn Unknown env config "http-proxy". This will stop working in the next major version of npm.

> treasure-engine@1.0.0 verify:wow
> node scripts/verify/wow_specs_check.mjs

verify:wow PASSED
{
  "total": 38,
  "counts": {
    "SHIPPED": 10,
    "PROPOSED": 25,
    "STAGED": 3
  }
}
npm warn Unknown env config "http-proxy". This will stop working in the next major version of npm.

> treasure-engine@1.0.0 verify:kb
> node scripts/verify/kb_check.mjs

verify:kb PASSED (7 files)
npm warn Unknown env config "http-proxy". This will stop working in the next major version of npm.

> treasure-engine@1.0.0 verify:passports
> node scripts/verify/passports_check.mjs

verify:passports PASSED (10 shipped WOW passports)
npm warn Unknown env config "http-proxy". This will stop working in the next major version of npm.

> treasure-engine@1.0.0 verify:ledger
> npm run verify:ledger:schema && node scripts/verify/ledger_check.mjs

npm warn Unknown env config "http-proxy". This will stop working in the next major version of npm.

> treasure-engine@1.0.0 verify:ledger:schema
> node scripts/verify/ledger_schema_strict.mjs

verify:ledger:schema PASSED
verify:ledger PASSED
npm warn Unknown env config "http-proxy". This will stop working in the next major version of npm.

> treasure-engine@1.0.0 verify:repo
> node scripts/verify/repo_sanity_check.mjs && npm run verify:manifest && npm run verify:determinism:strict

verify:repo PASSED
npm warn Unknown env config "http-proxy". This will stop working in the next major version of npm.

> treasure-engine@1.0.0 verify:manifest
> node scripts/verify/repo_manifest.mjs

verify:manifest PASSED
npm warn Unknown env config "http-proxy". This will stop working in the next major version of npm.

> treasure-engine@1.0.0 verify:determinism:strict
> node scripts/verify/determinism.mjs

verify:determinism:strict PASSED
