
> treasure-engine@1.0.0 verify:epoch22
> node scripts/verify/epoch22_ai_validation_harness.mjs

━━━━━━━━━━━━━━━━━━━━━━━━━━━━━━━━━━━━━━
EPOCH-22 AI VALIDATION HARNESS CHECK
━━━━━━━━━━━━━━━━━━━━━━━━━━━━━━━━━━━━━━
✓ baseline exists: specs/ai_determinism_baseline.json
✓ core/ai/autonomous_agent.mjs Math.random count 0 <= baseline 0
✓ core/ai/autonomous_agent.mjs Date.now count 0 <= baseline 3
✓ core/ai/cognitive_brain.mjs Math.random count 0 <= baseline 1
✓ core/ai/cognitive_brain.mjs Date.now count 0 <= baseline 15
✓ core/ai/hypothesis_generator.mjs Math.random count 0 <= baseline 5
✓ core/ai/hypothesis_generator.mjs Date.now count 0 <= baseline 8
✓ core/ai/learning_system.mjs Math.random count 0 <= baseline 6
✓ core/ai/learning_system.mjs Date.now count 0 <= baseline 4
✓ core/ai/master_orchestrator.mjs Math.random count 0 <= baseline 3
✓ core/ai/master_orchestrator.mjs Date.now count 0 <= baseline 2
✓ core/ai/meta_learning_engine.mjs Math.random count 0 <= baseline 0
✓ core/ai/meta_learning_engine.mjs Date.now count 0 <= baseline 7
✓ core/ai/metacognitive_controller.mjs Math.random count 0 <= baseline 1
✓ core/ai/metacognitive_controller.mjs Date.now count 0 <= baseline 4
✓ core/ai/self_reflection_system.mjs Math.random count 0 <= baseline 3
✓ core/ai/self_reflection_system.mjs Date.now count 0 <= baseline 7
✓ core/ai/strategy_generator.mjs Math.random count 0 <= baseline 18
✓ core/ai/strategy_generator.mjs Date.now count 0 <= baseline 4
✓ core/ai/superintelligent_agent.mjs Math.random count 0 <= baseline 1
✓ core/ai/superintelligent_agent.mjs Date.now count 0 <= baseline 5
✓ total Math.random count 0 <= baseline 38
✓ total Date.now count 0 <= baseline 59
✓ same seed yields identical RNG sequence
✓ different seed yields different RNG sequence
Current totals: { mathRandom: 0, dateNow: 0 }
Baseline totals: { mathRandom: 38, dateNow: 59 }
━━━━━━━━━━━━━━━━━━━━━━━━━━━━━━━━━━━━━━
✓ PASSED: 25
✗ FAILED: 0
━━━━━━━━━━━━━━━━━━━━━━━━━━━━━━━━━━━━━━

npm warn Unknown env config "http-proxy". This will stop working in the next major version of npm.
find: ‘core/ai’: No such file or directory
