  adding: AGENTS.md (deflated 53%)
  adding: docs/ (stored 0%)
  adding: docs/NEXT_ACTIONS_ROADMAP.md (deflated 44%)
  adding: docs/DEPLOYMENT_GUIDE.md (deflated 60%)
  adding: docs/SPEC_OF_SPECS.md (deflated 40%)
  adding: docs/API_DOCUMENTATION.md (deflated 68%)
  adding: spec/ (stored 0%)
  adding: spec/config.schema.json (deflated 74%)
  adding: spec/hacks.json (deflated 75%)
  adding: spec/ssot.json (deflated 62%)
  adding: truth/ (stored 0%)
  adding: truth/court_report.schema.json (deflated 72%)
  adding: truth/eqs_report.schema.json (deflated 66%)
  adding: truth/sim_report.schema.json (deflated 82%)
  adding: truth/event.schema.json (deflated 69%)
  adding: truth/recon_report.schema.json (deflated 71%)
  adding: truth/events_report.schema.json (deflated 75%)
  adding: scripts/ (stored 0%)
  adding: scripts/profit/ (stored 0%)
  adding: scripts/profit/OpportunityDetector.mjs (deflated 75%)
  adding: scripts/profit/treasure_map_demo.mjs (deflated 74%)
  adding: scripts/profit/__tests__/ (stored 0%)
  adding: scripts/profit/__tests__/treasure_engine.test.mjs (deflated 75%)
  adding: scripts/profit/ProfitCalculator.mjs (deflated 74%)
  adding: scripts/profit/OpportunityHunter.mjs (deflated 68%)
  adding: scripts/data/ (stored 0%)
  adding: scripts/data/binance_fetcher.mjs (deflated 68%)
  adding: scripts/data/fetch_binance_history.mjs (deflated 69%)
  adding: scripts/data/agent_demo.mjs (deflated 73%)
  adding: scripts/data/PriceConfidence.mjs (deflated 67%)
  adding: scripts/data/BinanceWSClient.mjs (deflated 72%)
  adding: scripts/data/import_ohlcv_csv.mjs (deflated 58%)
  adding: scripts/data/import_binance_klines_json.mjs (deflated 57%)
  adding: scripts/data/live_price_demo.mjs (deflated 71%)
  adding: scripts/data/DataAgent.mjs (deflated 73%)
  adding: scripts/verify/ (stored 0%)
  adding: scripts/verify/events_schema_check.mjs (deflated 78%)
  adding: scripts/verify/json_schema_check.mjs (deflated 69%)
  adding: scripts/verify/verify_adversarial.mjs (deflated 62%)
  adding: scripts/verify/dryrun_live_e2e.mjs (deflated 80%)
  adding: scripts/verify/adversarial_safety.mjs (deflated 75%)
  adding: scripts/verify/confidence_score.test.mjs (deflated 77%)
  adding: scripts/verify/phase2_smoke.mjs (deflated 79%)
  adding: scripts/verify/agent_smoke.mjs (deflated 75%)
  adding: scripts/verify/epoch08_integration.mjs (deflated 75%)
  adding: scripts/verify/epoch10_integration.mjs (deflated 73%)
  adding: scripts/verify/hacks_validate.mjs (stored 0%)
  adding: scripts/verify/epoch07_integration.mjs (deflated 76%)
  adding: scripts/verify/persist_idempotency.mjs (deflated 81%)
  adding: scripts/verify/binance_smoke.mjs (deflated 72%)
  adding: scripts/verify/config_check.mjs (deflated 72%)
  adding: scripts/verify/godtier_integration.mjs (deflated 73%)
  adding: scripts/verify/epoch09_integration.mjs (deflated 74%)
  adding: scripts/verify/dataset_check.mjs (deflated 54%)
  adding: scripts/verify/master_integration_e2e.mjs (deflated 78%)
  adding: scripts/verify/live_adapter_smoke.mjs (deflated 78%)
  adding: scripts/verify/epoch11_master_orchestrator.mjs (deflated 85%)
  adding: scripts/verify/truth.sh (stored 0%)
  adding: scripts/verify/epoch09_integration.mjs.backup (deflated 74%)
  adding: scripts/verify/court_stub.mjs (deflated 3%)
  adding: scripts/verify/determinism.mjs (deflated 74%)
  adding: scripts/verify/truth_layer_check.mjs (deflated 77%)
  adding: scripts/verify/websocket_smoke.mjs (deflated 75%)
  adding: scripts/verify/paper_e2e.mjs (deflated 74%)
  adding: scripts/verify/verify_reality_gap.mjs (deflated 71%)
  adding: scripts/verify/epochX_integration.mjs (deflated 76%)
  adding: scripts/verify/phase2_verify.mjs (deflated 63%)
  adding: core/ (stored 0%)
  adding: core/portfolio/ (stored 0%)
  adding: core/portfolio/multi_strategy.mjs (deflated 77%)
  adding: core/resilience/ (stored 0%)
  adding: core/resilience/self_healing.mjs (deflated 72%)
  adding: core/risk/ (stored 0%)
  adding: core/risk/risk_governor.mjs (deflated 77%)
  adding: core/monitoring/ (stored 0%)
  adding: core/monitoring/safety_monitor.mjs (deflated 74%)
  adding: core/control/ (stored 0%)
  adding: core/control/master_system.mjs (deflated 76%)
  adding: core/performance/ (stored 0%)
  adding: core/performance/perf_engine.mjs (deflated 74%)
  adding: core/obs/ (stored 0%)
  adding: core/obs/event_log_v2.mjs (deflated 73%)
  adding: core/obs/reality_gap_monitor.mjs (deflated 76%)
  adding: core/obs/event_log.mjs (deflated 67%)
  adding: core/ai/ (stored 0%)
  adding: core/ai/cognitive_brain.mjs (deflated 73%)
  adding: core/ai/superintelligent_agent.mjs (deflated 74%)
  adding: core/ai/master_orchestrator.mjs (deflated 72%)
  adding: core/ai/learning_system.mjs (deflated 75%)
  adding: core/ai/metacognitive_controller.mjs (deflated 74%)
  adding: core/ai/hypothesis_generator.mjs (deflated 74%)
  adding: core/ai/self_reflection_system.mjs (deflated 74%)
  adding: core/ai/meta_learning_engine.mjs (deflated 72%)
  adding: core/ai/autonomous_agent.mjs (deflated 75%)
  adding: core/ai/strategy_generator.mjs (deflated 74%)
  adding: core/truth/ (stored 0%)
  adding: core/truth/canonicalize.mjs (deflated 68%)
  adding: core/truth/truth_engine.mjs (deflated 74%)
  adding: core/persist/ (stored 0%)
  adding: core/persist/repo_state.mjs (deflated 66%)
  adding: core/persist/db.mjs (deflated 75%)
  adding: core/persist/migrations/ (stored 0%)
  adding: core/persist/migrations/0001_init.sql (deflated 74%)
  adding: core/sim/ (stored 0%)
  adding: core/sim/models.mjs (deflated 50%)
  adding: core/sim/metrics.mjs (deflated 71%)
  adding: core/sim/bar_generator.mjs (deflated 49%)
  adding: core/sim/rng.mjs (deflated 49%)
  adding: core/sim/penalized.mjs (deflated 69%)
  adding: core/sim/engine.mjs (deflated 69%)
  adding: core/sim/base_signal.mjs (deflated 62%)
  adding: core/sim/order_lifecycle.mjs (deflated 65%)
  adding: core/sim/engine_paper.mjs (deflated 69%)
  adding: core/ml/ (stored 0%)
  adding: core/ml/anomaly_detector.mjs (deflated 73%)
  adding: core/quality/ (stored 0%)
  adding: core/quality/quality_filter.mjs (deflated 64%)
  adding: core/testing/ (stored 0%)
  adding: core/testing/chaos_engineer.mjs (deflated 75%)
  adding: core/data/ (stored 0%)
  adding: core/data/dataset_io.mjs (deflated 55%)
  adding: core/data/websocket_feed.mjs (deflated 73%)
  adding: core/court/ (stored 0%)
  adding: core/court/court_v1.mjs (deflated 68%)
  adding: core/court/court_v2.mjs (deflated 69%)
  adding: core/court/truth_integration_example.mjs (deflated 68%)
  adding: core/hacks/ (stored 0%)
  adding: core/recon/ (stored 0%)
  adding: core/recon/reconcile_v1.mjs (deflated 75%)
  adding: core/governance/ (stored 0%)
  adding: core/governance/mode_fsm.mjs (deflated 72%)
  adding: core/sys/ (stored 0%)
  adding: core/sys/rng.mjs (deflated 64%)
  adding: core/sys/clock.mjs (deflated 65%)
  adding: core/sys/context.mjs (deflated 64%)
  adding: core/exec/ (stored 0%)
  adding: core/exec/execution_policy.mjs (deflated 67%)
  adding: core/exec/master_executor.mjs (deflated 78%)
  adding: core/exec/adapters/ (stored 0%)
  adding: core/exec/adapters/adversarial_tester.mjs (deflated 78%)
  adding: core/exec/adapters/adversarial_safety.mjs (deflated 81%)
  adding: core/exec/adapters/safety_gates.mjs (deflated 73%)
  adding: core/exec/adapters/binance_client.mjs (deflated 72%)
  adding: core/exec/adapters/live_adapter_dryrun.mjs (deflated 71%)
  adding: core/exec/adapters/iexecution_adapter.mjs (deflated 71%)
  adding: core/exec/adapters/live_adapter.mjs (deflated 77%)
  adding: core/exec/adapters/paper_adapter.mjs (deflated 66%)
  adding: core/exec/adapters/mock_exchange.mjs (deflated 75%)
  adding: core/ultimate/ (stored 0%)
  adding: core/ultimate/ultimate_system.mjs (deflated 76%)
  adding: package.json (deflated 76%)
  adding: package-lock.json (deflated 72%)
  adding: reports/evidence/EPOCH-17/ (stored 0%)
  adding: reports/evidence/EPOCH-17/gates/ (stored 0%)
  adding: reports/evidence/EPOCH-17/gates/verify_e2_run1.log (deflated 80%)
  adding: reports/evidence/EPOCH-17/gates/verify_epoch16.log (deflated 53%)
  adding: reports/evidence/EPOCH-17/gates/verify_epoch12.log (deflated 51%)
  adding: reports/evidence/EPOCH-17/gates/verify_paper_run1.log (deflated 82%)
  adding: reports/evidence/EPOCH-17/gates/verify_epoch14.log (deflated 53%)
  adding: reports/evidence/EPOCH-17/gates/verify_paper_run2.log (deflated 82%)
  adding: reports/evidence/EPOCH-17/gates/verify_epoch15.log (deflated 53%)
  adding: reports/evidence/EPOCH-17/gates/verify_e2_run2.log (deflated 80%)
  adding: reports/evidence/EPOCH-17/gates/verify_epoch13.log (deflated 53%)
  adding: reports/evidence/EPOCH-17/gates/verify_epoch11.log (deflated 96%)
  adding: reports/evidence/EPOCH-17/gates/network_skipped.log (deflated 11%)
  adding: reports/evidence/EPOCH-17/gates/verify_phase2.log (deflated 76%)
  adding: reports/evidence/EPOCH-17/INSTALL.log (deflated 40%)
  adding: reports/evidence/EPOCH-17/SNAPSHOT.md (deflated 22%)
  adding: reports/evidence/EPOCH-17/SUMMARY.md (deflated 53%)
  adding: reports/evidence/EPOCH-17/ZIP.log (deflated 81%)
  adding: reports/evidence/EPOCH-17/FILE_INVENTORY.txt (deflated 76%)
  adding: reports/evidence/EPOCH-17/DIFF.patch (stored 0%)
  adding: reports/evidence/EPOCH-17/SHA256SUMS.txt (deflated 48%)
  adding: reports/evidence/EPOCH-17/PREFLIGHT.log (deflated 61%)
