/workspace/Treasure_engine
## work
R  scripts/verify/epoch09_integration.mjs.backup -> archive/phoenix_20260213/epoch09_integration.mjs.backup.archived
R  package.json.bak -> archive/phoenix_20260213/package.json.bak.archived
R  core/ai/ai_signal_bridge.mjs -> labs/legacy_ultimate/core/ai/ai_signal_bridge.mjs
R  core/ai/autonomous_agent.mjs -> labs/legacy_ultimate/core/ai/autonomous_agent.mjs
R  core/ai/cognitive_brain.mjs -> labs/legacy_ultimate/core/ai/cognitive_brain.mjs
R  core/ai/hypothesis_generator.mjs -> labs/legacy_ultimate/core/ai/hypothesis_generator.mjs
R  core/ai/learning_system.mjs -> labs/legacy_ultimate/core/ai/learning_system.mjs
R  core/ai/master_orchestrator.mjs -> labs/legacy_ultimate/core/ai/master_orchestrator.mjs
R  core/ai/meta_learning_engine.mjs -> labs/legacy_ultimate/core/ai/meta_learning_engine.mjs
R  core/ai/metacognitive_controller.mjs -> labs/legacy_ultimate/core/ai/metacognitive_controller.mjs
R  core/ai/self_reflection_system.mjs -> labs/legacy_ultimate/core/ai/self_reflection_system.mjs
R  core/ai/strategy_generator.mjs -> labs/legacy_ultimate/core/ai/strategy_generator.mjs
R  core/ai/superintelligent_agent.mjs -> labs/legacy_ultimate/core/ai/superintelligent_agent.mjs
R  core/ultimate/ultimate_system.mjs -> labs/legacy_ultimate/core/ultimate/ultimate_system.mjs
R  scripts/verify/epochX_integration.mjs -> labs/legacy_ultimate/scripts/verify/epochX_integration.mjs
 M package.json
 M reports/evidence/EPOCH-17/PREFLIGHT.log
 M reports/evidence/EPOCH-17/SNAPSHOT.md
 M reports/evidence/EPOCH-17/SUMMARY.md
 M reports/evidence/EPOCH-17/VERDICT.md
 M reports/evidence/EPOCH-18/PREFLIGHT.log
 M reports/evidence/EPOCH-18/SNAPSHOT.md
 M reports/evidence/EPOCH-18/SUMMARY.md
 M reports/evidence/EPOCH-18/VERDICT.md
 M reports/evidence/EPOCH-19/PREFLIGHT.log
 M reports/evidence/EPOCH-19/SNAPSHOT.md
 M reports/evidence/EPOCH-19/SUMMARY.md
 M reports/evidence/EPOCH-19/VERDICT.md
 M reports/evidence/EPOCH-20/SUMMARY.md
 M reports/evidence/EPOCH-20/VERDICT.md
 M reports/evidence/EPOCH-21/SUMMARY.md
 M reports/evidence/EPOCH-21/VERDICT.md
 M reports/evidence/EPOCH-22/SUMMARY.md
 M reports/evidence/EPOCH-22/VERDICT.md
 M reports/evidence/EPOCH-23/SUMMARY.md
 M reports/evidence/EPOCH-23/VERDICT.md
 M reports/evidence/EPOCH-24/SUMMARY.md
 M reports/evidence/EPOCH-24/VERDICT.md
 M reports/evidence/EPOCH-25/SUMMARY.md
 M reports/evidence/EPOCH-25/VERDICT.md
 M reports/evidence/EPOCH-26/SUMMARY.md
 M reports/evidence/EPOCH-41/COMMANDS.log
 M reports/evidence/EPOCH-41/PREFLIGHT.log
 M reports/evidence/EPOCH-41/SHA256SUMS.EVIDENCE
 M reports/evidence/EPOCH-41/SHA256SUMS.txt
 M reports/evidence/EPOCH-41/SNAPSHOT.md
 M reports/evidence/EPOCH-41/SUMMARY.md
 M reports/evidence/EPOCH-41/pack_index.json
 M scripts/verify/determinism.mjs
 M scripts/verify/ledger_check.mjs
 M scripts/verify/release_governor_check.mjs
 M scripts/verify/specs_check.mjs
 M specs/epochs/EPOCH-47.md
 M specs/epochs/EPOCH-48.md
 M specs/epochs/EPOCH-57.md
 M specs/epochs/EPOCH-58.md
 M specs/epochs/LEDGER.json
?? .tmp/
?? data/manifests/epoch51_rechunk_a.fills.manifest.json
?? data/manifests/epoch51_rechunk_b.fills.manifest.json
?? data/private/normalized/binance/epoch51_rechunk_a/
?? data/private/normalized/binance/epoch51_rechunk_b/
?? data/private/raw/binance/epoch51_rechunk_a/
?? data/private/raw/binance/epoch51_rechunk_b/
?? docs/ARCHIVE_POLICY.md
?? reports/evidence/EPOCH-17/COMMANDS.log
?? reports/evidence/EPOCH-17/SHA256SUMS.EVIDENCE
?? reports/evidence/EPOCH-17/gates/manual/
?? reports/evidence/EPOCH-17/gates/run1.log
?? reports/evidence/EPOCH-17/gates/run2.log
?? reports/evidence/EPOCH-17/pack_index.json
?? reports/evidence/EPOCH-18/COMMANDS.log
?? reports/evidence/EPOCH-18/SHA256SUMS.EVIDENCE
?? reports/evidence/EPOCH-18/gates/manual/
?? reports/evidence/EPOCH-18/gates/run1.log
?? reports/evidence/EPOCH-18/gates/run2.log
?? reports/evidence/EPOCH-18/pack_index.json
?? reports/evidence/EPOCH-19/COMMANDS.log
?? reports/evidence/EPOCH-19/SHA256SUMS.EVIDENCE
?? reports/evidence/EPOCH-19/gates/manual/
?? reports/evidence/EPOCH-19/gates/run1.log
?? reports/evidence/EPOCH-19/gates/run2.log
?? reports/evidence/EPOCH-19/pack_index.json
?? reports/evidence/EPOCH-20/COMMANDS.log
?? reports/evidence/EPOCH-20/PREFLIGHT.log
?? reports/evidence/EPOCH-20/SHA256SUMS.EVIDENCE
?? reports/evidence/EPOCH-20/SNAPSHOT.md
?? reports/evidence/EPOCH-20/gates/manual/
?? reports/evidence/EPOCH-20/gates/run1.log
?? reports/evidence/EPOCH-20/gates/run2.log
?? reports/evidence/EPOCH-20/pack_index.json
?? reports/evidence/EPOCH-21/COMMANDS.log
?? reports/evidence/EPOCH-21/PREFLIGHT.log
?? reports/evidence/EPOCH-21/SHA256SUMS.EVIDENCE
?? reports/evidence/EPOCH-21/SNAPSHOT.md
?? reports/evidence/EPOCH-21/gates/manual/
?? reports/evidence/EPOCH-21/gates/run1.log
?? reports/evidence/EPOCH-21/gates/run2.log
?? reports/evidence/EPOCH-21/pack_index.json
?? reports/evidence/EPOCH-22/COMMANDS.log
?? reports/evidence/EPOCH-22/PREFLIGHT.log
?? reports/evidence/EPOCH-22/SHA256SUMS.EVIDENCE
?? reports/evidence/EPOCH-22/SNAPSHOT.md
?? reports/evidence/EPOCH-22/gates/manual/
?? reports/evidence/EPOCH-22/gates/run1.log
?? reports/evidence/EPOCH-22/gates/run2.log
?? reports/evidence/EPOCH-22/pack_index.json
?? reports/evidence/EPOCH-23/COMMANDS.log
?? reports/evidence/EPOCH-23/PREFLIGHT.log
?? reports/evidence/EPOCH-23/SHA256SUMS.EVIDENCE
?? reports/evidence/EPOCH-23/SNAPSHOT.md
?? reports/evidence/EPOCH-23/gates/manual/
?? reports/evidence/EPOCH-23/gates/run1.log
?? reports/evidence/EPOCH-23/gates/run2.log
?? reports/evidence/EPOCH-23/pack_index.json
?? reports/evidence/EPOCH-24/COMMANDS.log
?? reports/evidence/EPOCH-24/PREFLIGHT.log
?? reports/evidence/EPOCH-24/SHA256SUMS.EVIDENCE
?? reports/evidence/EPOCH-24/SNAPSHOT.md
?? reports/evidence/EPOCH-24/gates/manual/
?? reports/evidence/EPOCH-24/gates/run1.log
?? reports/evidence/EPOCH-24/gates/run2.log
?? reports/evidence/EPOCH-24/pack_index.json
?? reports/evidence/EPOCH-25/COMMANDS.log
?? reports/evidence/EPOCH-25/PREFLIGHT.log
?? reports/evidence/EPOCH-25/SHA256SUMS.EVIDENCE
?? reports/evidence/EPOCH-25/SNAPSHOT.md
?? reports/evidence/EPOCH-25/gates/manual/
?? reports/evidence/EPOCH-25/gates/run1.log
?? reports/evidence/EPOCH-25/gates/run2.log
?? reports/evidence/EPOCH-25/pack_index.json
?? reports/evidence/EPOCH-26/COMMANDS.log
?? reports/evidence/EPOCH-26/PREFLIGHT.log
?? reports/evidence/EPOCH-26/SHA256SUMS.EVIDENCE
?? reports/evidence/EPOCH-26/SNAPSHOT.md
?? reports/evidence/EPOCH-26/VERDICT.md
?? reports/evidence/EPOCH-26/gates/manual/
?? reports/evidence/EPOCH-26/gates/run1.log
?? reports/evidence/EPOCH-26/gates/run2.log
?? reports/evidence/EPOCH-26/pack_index.json
?? reports/evidence/EPOCH-27/
?? reports/evidence/EPOCH-28/
?? reports/evidence/EPOCH-29/
?? reports/evidence/EPOCH-30-FINAL/CLEAN_CLONE/
?? reports/evidence/EPOCH-30-FINAL/WALL_MARKERS.txt
?? reports/evidence/EPOCH-30-FINAL/WALL_RESULT.json
?? reports/evidence/EPOCH-30-FINAL/gates/01_npm_ci.log
?? reports/evidence/EPOCH-30-FINAL/gates/02_npm_run_verify_specs.log
?? reports/evidence/EPOCH-30/
?? reports/evidence/EPOCH-31/
?? reports/evidence/EPOCH-32/
?? reports/evidence/EPOCH-33/
?? reports/evidence/EPOCH-34/
?? reports/evidence/EPOCH-35/
?? reports/evidence/EPOCH-36/
?? reports/evidence/EPOCH-37/
?? reports/evidence/EPOCH-38/
?? reports/evidence/EPOCH-39/
?? reports/evidence/EPOCH-40/
?? reports/evidence/EPOCH-41/gates/manual/
?? reports/evidence/EPOCH-41/gates/run1.log
?? reports/evidence/EPOCH-41/gates/run2.log
?? reports/evidence/EPOCH-59/
?? reports/evidence/EPOCH-EDGE-LOCAL-MEGA/
?? reports/evidence/EPOCH-EDGE-LOCAL/
?? scripts/verify/epoch_fallback_gate.mjs
?? scripts/verify/epoch_sweep_1_58.mjs
?? scripts/verify/ledger_schema_strict.mjs
?? scripts/verify/repo_manifest.mjs
?? specs/DETERMINISM_ALLOWLIST.md
?? specs/repo/
88236ad746d0b81866e75a47f2f9b2dd41d1f1ab
v20.19.6
11.4.2
