
> treasure-engine@1.0.0 verify:epoch21
> npm run verify:release-governor


> treasure-engine@1.0.0 verify:release-governor
> node scripts/verify/release_governor_check.mjs

━━━━━━━━━━━━━━━━━━━━━━━━━━━━━━━━━━━━━━
EPOCH-21 RELEASE GOVERNOR CHECK
━━━━━━━━━━━━━━━━━━━━━━━━━━━━━━━━━━━━━━
✓ required anti-flake log exists: reports/evidence/EPOCH-19/gates/verify_governance_run1.log
✓ required anti-flake log exists: reports/evidence/EPOCH-19/gates/verify_governance_run2.log
✓ required anti-flake log exists: reports/evidence/EPOCH-19/gates/verify_e2_run1.log
✓ required anti-flake log exists: reports/evidence/EPOCH-19/gates/verify_e2_run2.log
✓ required anti-flake log exists: reports/evidence/EPOCH-19/gates/verify_paper_run1.log
✓ required anti-flake log exists: reports/evidence/EPOCH-19/gates/verify_paper_run2.log
✓ required release artifact exists: reports/evidence/EPOCH-19/SHA256SUMS.SOURCE.txt
✓ required release artifact exists: reports/evidence/EPOCH-19/SHA256SUMS.EVIDENCE.txt
✓ required release artifact exists: reports/evidence/EPOCH-19/SHA256SUMS.EXPORT.txt
✓ required release artifact exists: reports/evidence/EPOCH-19/VERDICT.md
✓ required release artifact exists: FINAL_VALIDATED.zip
✓ required release artifact exists: FINAL_VALIDATED.zip.sha256
✓ FINAL_VALIDATED.zip checksum matches declared sha256
✓ verdict contains explicit SAFE/BLOCKED status
✓ verdict contains explicit rationale

━━━━━━━━━━━━━━━━━━━━━━━━━━━━━━━━━━━━━━
✓ PASSED: 15
✗ FAILED: 0
━━━━━━━━━━━━━━━━━━━━━━━━━━━━━━━━━━━━━━
