reports/evidence/EPOCH-PIPELINE-FREEZE/ASSUMPTIONS.md: OK
reports/evidence/EPOCH-PIPELINE-FREEZE/CLEAN_CLONE/01_npm_ci.log: OK
reports/evidence/EPOCH-PIPELINE-FREEZE/CLEAN_CLONE/02_verify_core.log: OK
reports/evidence/EPOCH-PIPELINE-FREEZE/CLEAN_CLONE/03_verify_wall.log: OK
reports/evidence/EPOCH-PIPELINE-FREEZE/CLEAN_CLONE/04_verify_release_governor.log: OK
reports/evidence/EPOCH-PIPELINE-FREEZE/DIFF.patch: OK
reports/evidence/EPOCH-PIPELINE-FREEZE/GATE_PLAN.md: OK
reports/evidence/EPOCH-PIPELINE-FREEZE/PREFLIGHT.log: OK
reports/evidence/EPOCH-PIPELINE-FREEZE/RISK_REGISTER.md: OK
reports/evidence/EPOCH-PIPELINE-FREEZE/SNAPSHOT.md: OK
reports/evidence/EPOCH-PIPELINE-FREEZE/SUMMARY.md: OK
reports/evidence/EPOCH-PIPELINE-FREEZE/TREE_DEPTH2.txt: OK
reports/evidence/EPOCH-PIPELINE-FREEZE/VERDICT.md: OK
reports/evidence/EPOCH-PIPELINE-FREEZE/gates/01_verify_specs_run1.log: OK
reports/evidence/EPOCH-PIPELINE-FREEZE/gates/02_verify_specs_run2.log: OK
reports/evidence/EPOCH-PIPELINE-FREEZE/gates/03_npm_ci.log: OK
reports/evidence/EPOCH-PIPELINE-FREEZE/gates/04_verify_paper_run1.log: OK
reports/evidence/EPOCH-PIPELINE-FREEZE/gates/05_verify_paper_run2.log: OK
reports/evidence/EPOCH-PIPELINE-FREEZE/gates/06_verify_e2_run1.log: OK
reports/evidence/EPOCH-PIPELINE-FREEZE/gates/07_verify_e2_run2.log: OK
reports/evidence/EPOCH-PIPELINE-FREEZE/gates/08_verify_e2_multi.log: OK
reports/evidence/EPOCH-PIPELINE-FREEZE/gates/09_verify_paper_multi.log: OK
reports/evidence/EPOCH-PIPELINE-FREEZE/gates/10_verify_phase2.log: OK
reports/evidence/EPOCH-PIPELINE-FREEZE/gates/11_verify_integration.log: OK
reports/evidence/EPOCH-PIPELINE-FREEZE/gates/12_verify_core.log: OK
reports/evidence/EPOCH-PIPELINE-FREEZE/gates/13_verify_wall_pass.log: OK
reports/evidence/EPOCH-PIPELINE-FREEZE/gates/18_export_validated.log: OK
reports/evidence/EPOCH-PIPELINE-FREEZE/gates/19_verify_release_governor_run1.log: OK
reports/evidence/EPOCH-PIPELINE-FREEZE/gates/20_verify_release_governor_run2.log: OK
